[2026-03-11 17:25:32] 🚀 작업 시작 / 총 16건
[2026-03-11 17:25:32] ℹ️ 실제 처리 범위 시작 번호: 5
[2026-03-11 17:25:35] ℹ️ 원스톱 로그인 정보 입력 완료
[2026-03-11 17:25:35] ℹ️ 로그인 버튼 클릭 시도: button.btn_resp.size_login1[type="submit"]
[2026-03-11 17:26:11] ✅ 보호 페이지에서 가격/옵션 신호 확인 (probeNo=5)
[2026-03-11 17:26:11] ✅ 원스톱 로그인 성공 / 세션 저장: E:\dev\onestop-sello-app\data\onestop-storage.json
[2026-03-11 17:26:11] - 원스톱 조회: https://onestopdome.com/goods/view?no=5
[2026-03-11 17:26:13] - 패스(페이지 없음): 5
[2026-03-11 17:26:13] - 원스톱 조회: https://onestopdome.com/goods/view?no=6
[2026-03-11 17:26:45] - 셀록 검색: 모종판세트 A0005
[2026-03-11 17:26:45] ℹ️ 셀록 searchAll 시작: 모종판세트 A0005
[2026-03-11 17:26:45] ℹ️ 셀록 요청 시작: search(모종판세트 A0005)
[2026-03-11 17:26:45] ℹ️ 셀록 요청 시작: coupang(모종판세트 A0005)
[2026-03-11 17:26:45] ✅ 셀록 요청 성공: search(모종판세트 A0005)
[2026-03-11 17:26:45] ✅ 셀록 요청 성공: coupang(모종판세트 A0005)
[2026-03-11 17:26:45] ✅ 셀록 searchAll 완료: 모종판세트 A0005
[2026-03-11 17:26:45] ℹ️ 후보 추출 완료 / rawCount=1 / smart=실내외 씨앗 발아기 모종판 세트 수경 재배 워터 트레이 (A0005) / coupang=-
[2026-03-11 17:26:45] ⏸ 사용자 판정 대기중
[2026-03-11 17:26:58] ✅ 스마트스토어 확정: 6
[2026-03-11 17:26:58] - 원스톱 조회: https://onestopdome.com/goods/view?no=7
[2026-03-11 17:27:29] - 셀록 검색: 드릴비트세트 A0023 각6pcs
[2026-03-11 17:27:29] ℹ️ 셀록 searchAll 시작: 드릴비트세트 A0023 각6pcs
[2026-03-11 17:27:29] ℹ️ 셀록 요청 시작: search(드릴비트세트 A0023 각6pcs)
[2026-03-11 17:27:29] ℹ️ 셀록 요청 시작: coupang(드릴비트세트 A0023 각6pcs)
[2026-03-11 17:27:30] ✅ 셀록 요청 성공: coupang(드릴비트세트 A0023 각6pcs)
[2026-03-11 17:27:31] ✅ 셀록 요청 성공: search(드릴비트세트 A0023 각6pcs)
[2026-03-11 17:27:31] ✅ 셀록 searchAll 완료: 드릴비트세트 A0023 각6pcs
[2026-03-11 17:27:31] ℹ️ 후보 추출 완료 / rawCount=0 / smart=- / coupang=-
[2026-03-11 17:27:31] 검색 결과가 없습니다. 검색어를 수정한 뒤 재검색하거나 패스하세요.
[2026-03-11 17:27:39] - 셀록 검색: 드릴비트세트 A0023
[2026-03-11 17:27:39] ℹ️ 셀록 searchAll 시작: 드릴비트세트 A0023
[2026-03-11 17:27:39] ℹ️ 셀록 요청 시작: search(드릴비트세트 A0023)
[2026-03-11 17:27:39] ℹ️ 셀록 요청 시작: coupang(드릴비트세트 A0023)
[2026-03-11 17:27:40] ✅ 셀록 요청 성공: coupang(드릴비트세트 A0023)
[2026-03-11 17:27:41] ✅ 셀록 요청 성공: search(드릴비트세트 A0023)
[2026-03-11 17:27:41] ✅ 셀록 searchAll 완료: 드릴비트세트 A0023
[2026-03-11 17:27:41] ℹ️ 후보 추출 완료 / rawCount=3 / smart=티타늄합금 다용도 고속 강철 전동 드릴 비트 6세트 (A0023) / coupang=나선형 트위스트 코발트 드릴 밀링 비트 세트 스텐 기리 드릴날 6P (A0023) 1개
[2026-03-11 17:27:41] ⏸ 사용자 판정 대기중
[2026-03-11 17:27:45] ✅ 스마트스토어 확정: 7
[2026-03-11 17:27:45] - 원스톱 조회: https://onestopdome.com/goods/view?no=8
[2026-03-11 17:28:16] - 셀록 검색: 동전케이스 A0017
[2026-03-11 17:28:16] ℹ️ 셀록 searchAll 시작: 동전케이스 A0017
[2026-03-11 17:28:16] ℹ️ 셀록 요청 시작: search(동전케이스 A0017)
[2026-03-11 17:28:16] ℹ️ 셀록 요청 시작: coupang(동전케이스 A0017)
[2026-03-11 17:28:17] ✅ 셀록 요청 성공: coupang(동전케이스 A0017)
[2026-03-11 17:28:18] ✅ 셀록 요청 성공: search(동전케이스 A0017)
[2026-03-11 17:28:18] ✅ 셀록 searchAll 완료: 동전케이스 A0017
[2026-03-11 17:28:18] ℹ️ 후보 추출 완료 / rawCount=40 / smart=일본동전지갑 엔화 케이스 일본여행필수품 홀더 키링 투명 미니 / coupang=-
[2026-03-11 17:28:18] ⏸ 사용자 판정 대기중
[2026-03-11 17:28:31] ⏭ 패스: 8
[2026-03-11 17:28:31] - 원스톱 조회: https://onestopdome.com/goods/view?no=9
[2026-03-11 17:29:03] - 셀록 검색: 제이브로시스 도어 LED 스트립 A0015
[2026-03-11 17:29:03] ℹ️ 셀록 searchAll 시작: 제이브로시스 도어 LED 스트립 A0015
[2026-03-11 17:29:03] ℹ️ 셀록 요청 시작: search(제이브로시스 도어 LED 스트립 A0015)
[2026-03-11 17:29:03] ℹ️ 셀록 요청 시작: coupang(제이브로시스 도어 LED 스트립 A0015)
[2026-03-11 17:29:03] ✅ 셀록 요청 성공: coupang(제이브로시스 도어 LED 스트립 A0015)
[2026-03-11 17:29:04] ✅ 셀록 요청 성공: search(제이브로시스 도어 LED 스트립 A0015)
[2026-03-11 17:29:04] ✅ 셀록 searchAll 완료: 제이브로시스 도어 LED 스트립 A0015
[2026-03-11 17:29:04] ℹ️ 후보 추출 완료 / rawCount=16 / smart=도어 LED스트립 자동차 램프장식 후면충돌 경고라이트 / coupang=제이브로시스 도어 LED스트립 자동차 램프장식 후면충돌 경고라이트 1개
[2026-03-11 17:29:04] ⏸ 사용자 판정 대기중
[2026-03-11 17:29:32] ✅ 스마트스토어 확정: 9
[2026-03-11 17:29:32] - 원스톱 조회: https://onestopdome.com/goods/view?no=10
[2026-03-11 17:30:03] - 셀록 검색: 트렁크나사후크 A0016 1PCS
[2026-03-11 17:30:03] ℹ️ 셀록 searchAll 시작: 트렁크나사후크 A0016 1PCS
[2026-03-11 17:30:03] ℹ️ 셀록 요청 시작: search(트렁크나사후크 A0016 1PCS)
[2026-03-11 17:30:03] ℹ️ 셀록 요청 시작: coupang(트렁크나사후크 A0016 1PCS)
[2026-03-11 17:30:04] ✅ 셀록 요청 성공: coupang(트렁크나사후크 A0016 1PCS)
[2026-03-11 17:30:05] ✅ 셀록 요청 성공: search(트렁크나사후크 A0016 1PCS)
[2026-03-11 17:30:05] ✅ 셀록 searchAll 완료: 트렁크나사후크 A0016 1PCS
[2026-03-11 17:30:05] ℹ️ 후보 추출 완료 / rawCount=40 / smart=페리안 4PCS 자동차 카고 네트 후크, 트렁크 후크 나사, 자동 타이 다운 행잉 패스너, 대부분의 자동차를 위한 교체 하드웨어 키트 유니버설 / coupang=자동차 트렁크 나사 후크 물품 정리 보관용 네트 고리 1pcs 1개
[2026-03-11 17:30:05] ⏸ 사용자 판정 대기중
[2026-03-11 17:30:52] ✅ 스마트스토어 확정: 10
[2026-03-11 17:30:52] - 원스톱 조회: https://onestopdome.com/goods/view?no=11
[2026-03-11 17:31:25] - 셀록 검색: 월드 케이블보호 A0059
[2026-03-11 17:31:25] ℹ️ 셀록 searchAll 시작: 월드 케이블보호 A0059
[2026-03-11 17:31:25] ℹ️ 셀록 요청 시작: search(월드 케이블보호 A0059)
[2026-03-11 17:31:25] ℹ️ 셀록 요청 시작: coupang(월드 케이블보호 A0059)
[2026-03-11 17:31:25] ✅ 셀록 요청 성공: coupang(월드 케이블보호 A0059)
[2026-03-11 17:31:26] ✅ 셀록 요청 성공: search(월드 케이블보호 A0059)
[2026-03-11 17:31:26] ✅ 셀록 searchAll 완료: 월드 케이블보호 A0059
[2026-03-11 17:31:26] ℹ️ 후보 추출 완료 / rawCount=0 / smart=- / coupang=-
[2026-03-11 17:31:26] 검색 결과가 없습니다. 검색어를 수정한 뒤 재검색하거나 패스하세요.
[2026-03-11 17:34:27] - 셀록 검색: 케이블보호 A0059
[2026-03-11 17:34:27] ℹ️ 셀록 searchAll 시작: 케이블보호 A0059
[2026-03-11 17:34:27] ℹ️ 셀록 요청 시작: search(케이블보호 A0059)
[2026-03-11 17:34:27] ℹ️ 셀록 요청 시작: coupang(케이블보호 A0059)
[2026-03-11 17:34:28] ✅ 셀록 요청 성공: coupang(케이블보호 A0059)
[2026-03-11 17:34:29] ✅ 셀록 요청 성공: search(케이블보호 A0059)
[2026-03-11 17:34:29] ✅ 셀록 searchAll 완료: 케이블보호 A0059
[2026-03-11 17:34:29] ℹ️ 후보 추출 완료 / rawCount=8 / smart=USB 케이블 코드 충전선 보호대 파손 꼬임 방지 보호 캡 홀더 커버 (A0059) / coupang=USB 케이블 코드 충전선 보호대 파손 꼬임 방지 보호 캡 홀더 커버 (A0059) 핑크 1개
[2026-03-11 17:34:29] ⏸ 사용자 판정 대기중
[2026-03-11 17:34:30] ✅ 스마트스토어 확정: 11
[2026-03-11 17:34:30] - 원스톱 조회: https://onestopdome.com/goods/view?no=12
[2026-03-11 17:34:32] - 패스(페이지 없음): 12
[2026-03-11 17:34:32] - 원스톱 조회: https://onestopdome.com/goods/view?no=13
[2026-03-11 17:35:05] - 셀록 검색: 욕조베개 A0067
[2026-03-11 17:35:05] ℹ️ 셀록 searchAll 시작: 욕조베개 A0067
[2026-03-11 17:35:05] ℹ️ 셀록 요청 시작: search(욕조베개 A0067)
[2026-03-11 17:35:05] ℹ️ 셀록 요청 시작: coupang(욕조베개 A0067)
[2026-03-11 17:35:06] ✅ 셀록 요청 성공: coupang(욕조베개 A0067)
[2026-03-11 17:35:07] ✅ 셀록 요청 성공: search(욕조베개 A0067)
[2026-03-11 17:35:07] ✅ 셀록 searchAll 완료: 욕조베개 A0067
[2026-03-11 17:35:07] ℹ️ 후보 추출 완료 / rawCount=40 / smart=편안한 욕조 베개 쿠션 목욕 반신욕 머리받침 목받침 스파 흡입컵 필로우 (A0067) / coupang=편안한 욕조 베개 쿠션 목욕 반신욕 머리받침 목받침 스파 흡입컵 필로우 (A0067) 1개
[2026-03-11 17:35:07] ⏸ 사용자 판정 대기중
[2026-03-11 17:39:55] ✅ 스마트스토어 확정: 13
[2026-03-11 17:39:55] - 원스톱 조회: https://onestopdome.com/goods/view?no=14
[2026-03-11 17:40:29] - 셀록 검색: 월드 욕조베개 A0066
[2026-03-11 17:40:29] ℹ️ 셀록 searchAll 시작: 월드 욕조베개 A0066
[2026-03-11 17:40:29] ℹ️ 셀록 요청 시작: search(월드 욕조베개 A0066)
[2026-03-11 17:40:29] ℹ️ 셀록 요청 시작: coupang(월드 욕조베개 A0066)
[2026-03-11 17:40:29] ✅ 셀록 요청 성공: coupang(월드 욕조베개 A0066)
[2026-03-11 17:40:29] ✅ 셀록 요청 성공: search(월드 욕조베개 A0066)
[2026-03-11 17:40:29] ✅ 셀록 searchAll 완료: 월드 욕조베개 A0066
[2026-03-11 17:40:29] ℹ️ 후보 추출 완료 / rawCount=40 / smart=욕조베개 반신욕 미끄럼방지 매트 방석 용품 40X125CM 커버 욕조 스파 / coupang=간이욕조 성인 미니욕조 욕조 찜통 간이 1 2m 에어 필로우 전신 욕조 이동식 있는 훈증 8 1 2m길이 300근 스타월드 6단 키높이 욕조 방 1개
[2026-03-11 17:40:29] ⏸ 사용자 판정 대기중
[2026-03-12 06:03:28] 🚀 작업 시작 / 총 14건
[2026-03-12 06:03:28] ℹ️ 원스톱 JSON 사용: E:\dev\onestop-sello-app\data\onestop_products.json
[2026-03-12 06:03:28] ℹ️ 범위 기준 상품번호 시작: 11
[2026-03-12 06:03:28] - 원스톱(JSON) 조회: no=11 / 월드 케이블보호 A0059돌다리
[2026-03-12 06:03:28] - 셀록 검색: 케이블보호 A0059돌다리
[2026-03-12 06:03:28] ℹ️ 셀록 searchAll 시작: 케이블보호 A0059돌다리
[2026-03-12 06:03:28] ℹ️ 셀록 요청 시작: search(케이블보호 A0059돌다리)
[2026-03-12 06:03:28] ℹ️ 셀록 요청 시작: coupang(케이블보호 A0059돌다리)
[2026-03-12 06:03:29] ✅ 셀록 요청 성공: coupang(케이블보호 A0059돌다리)
[2026-03-12 06:03:29] ✅ 셀록 요청 성공: search(케이블보호 A0059돌다리)
[2026-03-12 06:03:29] ✅ 셀록 searchAll 완료: 케이블보호 A0059돌다리
[2026-03-12 06:03:29] ℹ️ 후보 추출 완료 / rawCount=0 / smart=- / coupang=-
[2026-03-12 06:03:29] 검색 결과가 없습니다. 검색어를 수정한 뒤 재검색하거나 패스하세요.
[2026-03-12 06:03:35] - 셀록 검색: 케이블보호 A0059
[2026-03-12 06:03:35] ℹ️ 셀록 searchAll 시작: 케이블보호 A0059
[2026-03-12 06:03:35] ℹ️ 셀록 요청 시작: search(케이블보호 A0059)
[2026-03-12 06:03:35] ℹ️ 셀록 요청 시작: coupang(케이블보호 A0059)
[2026-03-12 06:03:35] ✅ 셀록 요청 성공: coupang(케이블보호 A0059)
[2026-03-12 06:03:36] ✅ 셀록 요청 성공: search(케이블보호 A0059)
[2026-03-12 06:03:36] ✅ 셀록 searchAll 완료: 케이블보호 A0059
[2026-03-12 06:03:36] ℹ️ 후보 추출 완료 / rawCount=8 / smart=USB 케이블 코드 충전선 보호대 파손 꼬임 방지 보호 캡 홀더 커버 (A0059) / coupang=USB 케이블 코드 충전선 보호대 파손 꼬임 방지 보호 캡 홀더 커버 (A0059) 핑크 1개
[2026-03-12 06:03:36] ⏸ 사용자 판정 대기중
[2026-03-12 06:03:37] ✅ 스마트스토어 확정: 11
[2026-03-12 06:03:37] - 원스톱(JSON) 조회: no=16 / 스마트리빙스토어 배터리클램프 A0145 한쌍돌다리
[2026-03-12 06:03:37] - 셀록 검색: 배터리클램프 A0145 한쌍돌다리
[2026-03-12 06:03:37] ℹ️ 셀록 searchAll 시작: 배터리클램프 A0145 한쌍돌다리
[2026-03-12 06:03:37] ℹ️ 셀록 요청 시작: search(배터리클램프 A0145 한쌍돌다리)
[2026-03-12 06:03:37] ℹ️ 셀록 요청 시작: coupang(배터리클램프 A0145 한쌍돌다리)
[2026-03-12 06:03:37] ✅ 셀록 요청 성공: coupang(배터리클램프 A0145 한쌍돌다리)
[2026-03-12 06:03:38] ✅ 셀록 요청 성공: search(배터리클램프 A0145 한쌍돌다리)
[2026-03-12 06:03:38] ✅ 셀록 searchAll 완료: 배터리클램프 A0145 한쌍돌다리
[2026-03-12 06:03:38] ℹ️ 후보 추출 완료 / rawCount=2 / smart=차량용 배터리 단자 클램프 커넥터 한쌍 (A0145) / coupang=배터리클램프 자동차 차량용 배터리 터미널 커넥터 클립 연결 브라켓 배터리클램프A0145한쌍 1개
[2026-03-12 06:03:38] ⏸ 사용자 판정 대기중
[2026-03-12 06:03:42] ✅ 스마트스토어 확정: 16
[2026-03-12 06:03:42] - 원스톱(JSON) 조회: no=10 / 돌다리 트렁크나사후크 A0016 1PCS돌다리
[2026-03-12 06:03:42] - 셀록 검색: 트렁크나사후크 A0016 1PCS돌다
[2026-03-12 06:03:42] ℹ️ 셀록 searchAll 시작: 트렁크나사후크 A0016 1PCS돌다
[2026-03-12 06:03:42] ℹ️ 셀록 요청 시작: search(트렁크나사후크 A0016 1PCS돌다)
[2026-03-12 06:03:42] ℹ️ 셀록 요청 시작: coupang(트렁크나사후크 A0016 1PCS돌다)
[2026-03-12 06:03:42] ✅ 셀록 요청 성공: coupang(트렁크나사후크 A0016 1PCS돌다)
[2026-03-12 06:03:43] ✅ 셀록 요청 성공: search(트렁크나사후크 A0016 1PCS돌다)
[2026-03-12 06:03:43] ✅ 셀록 searchAll 완료: 트렁크나사후크 A0016 1PCS돌다
[2026-03-12 06:03:43] ℹ️ 후보 추출 완료 / rawCount=0 / smart=- / coupang=-
[2026-03-12 06:03:43] 검색 결과가 없습니다. 검색어를 수정한 뒤 재검색하거나 패스하세요.
[2026-03-12 06:03:46] - 셀록 검색: 트렁크나사후크 A0016 1PCS
[2026-03-12 06:03:46] ℹ️ 셀록 searchAll 시작: 트렁크나사후크 A0016 1PCS
[2026-03-12 06:03:46] ℹ️ 셀록 요청 시작: search(트렁크나사후크 A0016 1PCS)
[2026-03-12 06:03:46] ℹ️ 셀록 요청 시작: coupang(트렁크나사후크 A0016 1PCS)
[2026-03-12 06:03:46] ✅ 셀록 요청 성공: coupang(트렁크나사후크 A0016 1PCS)
[2026-03-12 06:03:47] ✅ 셀록 요청 성공: search(트렁크나사후크 A0016 1PCS)
[2026-03-12 06:03:47] ✅ 셀록 searchAll 완료: 트렁크나사후크 A0016 1PCS
[2026-03-12 06:03:47] ℹ️ 후보 추출 완료 / rawCount=40 / smart=페리안 4PCS 자동차 카고 네트 후크, 트렁크 후크 나사, 자동 타이 다운 행잉 패스너, 대부분의 자동차를 위한 교체 하드웨어 키트 유니버설 / coupang=자동차 트렁크 나사 후크 물품 정리 보관용 네트 고리 1pcs 1개
[2026-03-12 06:03:47] ⏸ 사용자 판정 대기중
[2026-03-12 06:03:48] ✅ 스마트스토어 확정: 10
[2026-03-12 06:03:48] - 원스톱(JSON) 조회: no=17 / 돌다리 카드케이스 A0037돌다리
[2026-03-12 06:03:48] - 셀록 검색: 카드케이스 A0037돌다리
[2026-03-12 06:03:48] ℹ️ 셀록 searchAll 시작: 카드케이스 A0037돌다리
[2026-03-12 06:03:48] ℹ️ 셀록 요청 시작: search(카드케이스 A0037돌다리)
[2026-03-12 06:03:48] ℹ️ 셀록 요청 시작: coupang(카드케이스 A0037돌다리)
[2026-03-12 06:03:48] ✅ 셀록 요청 성공: coupang(카드케이스 A0037돌다리)
[2026-03-12 06:03:49] ✅ 셀록 요청 성공: search(카드케이스 A0037돌다리)
[2026-03-12 06:03:49] ✅ 셀록 searchAll 완료: 카드케이스 A0037돌다리
[2026-03-12 06:03:49] ℹ️ 후보 추출 완료 / rawCount=0 / smart=- / coupang=-
[2026-03-12 06:03:49] 검색 결과가 없습니다. 검색어를 수정한 뒤 재검색하거나 패스하세요.
[2026-03-12 06:03:51] - 셀록 검색: 카드케이스 A0037
[2026-03-12 06:03:51] ℹ️ 셀록 searchAll 시작: 카드케이스 A0037
[2026-03-12 06:03:51] ℹ️ 셀록 요청 시작: search(카드케이스 A0037)
[2026-03-12 06:03:51] ℹ️ 셀록 요청 시작: coupang(카드케이스 A0037)
[2026-03-12 06:03:51] ✅ 셀록 요청 성공: coupang(카드케이스 A0037)
[2026-03-12 06:03:52] ✅ 셀록 요청 성공: search(카드케이스 A0037)
[2026-03-12 06:03:52] ✅ 셀록 searchAll 완료: 카드케이스 A0037
[2026-03-12 06:03:52] ℹ️ 후보 추출 완료 / rawCount=3 / smart=사원증 출입증 학생증 보호 케이스 교통 ID 신용 카드 반투명 아크릴 홀더 (A0037) / coupang=사원증 출입증 학생증 보호 케이스 교통 ID 신용 카드 반투명 아크릴 홀더 (A0037)
[2026-03-12 06:03:52] ⏸ 사용자 판정 대기중
[2026-03-12 06:10:40] 🚀 작업 시작 / 총 14건
[2026-03-12 06:10:40] ℹ️ 원스톱 JSON 사용: E:\dev\onestop-sello-app\data\onestop_products.json
[2026-03-12 06:10:40] ℹ️ 범위 기준 상품번호 시작: 11
[2026-03-12 06:10:40] - 원스톱(JSON) 조회: no=11 / 월드 케이블보호 A0059돌다리
[2026-03-12 06:10:40] - 셀록 검색: 케이블보호 A0059
[2026-03-12 06:10:40] ℹ️ 셀록 searchAll 시작: 케이블보호 A0059
[2026-03-12 06:10:40] ℹ️ 셀록 요청 시작: search(케이블보호 A0059)
[2026-03-12 06:10:40] ℹ️ 셀록 요청 시작: coupang(케이블보호 A0059)
[2026-03-12 06:10:41] ✅ 셀록 요청 성공: coupang(케이블보호 A0059)
[2026-03-12 06:10:41] ✅ 셀록 요청 성공: search(케이블보호 A0059)
[2026-03-12 06:10:41] ✅ 셀록 searchAll 완료: 케이블보호 A0059
[2026-03-12 06:10:41] ℹ️ 후보 추출 완료 / rawCount=8 / smart=USB 케이블 코드 충전선 보호대 파손 꼬임 방지 보호 캡 홀더 커버 (A0059) / coupang=USB 케이블 코드 충전선 보호대 파손 꼬임 방지 보호 캡 홀더 커버 (A0059) 블루 1개
[2026-03-12 06:10:41] ⏸ 사용자 판정 대기중
[2026-03-12 06:11:01] 🚀 작업 시작 / 총 14건
[2026-03-12 06:11:01] ℹ️ 원스톱 JSON 사용: E:\dev\onestop-sello-app\data\onestop_products.json
[2026-03-12 06:11:01] ℹ️ 범위 기준 상품번호 시작: 11
[2026-03-12 06:11:01] - 원스톱(JSON) 조회: no=11 / 월드 케이블보호 A0059돌다리
[2026-03-12 06:11:01] - 셀록 검색: 케이블보호 A0059
[2026-03-12 06:11:01] ℹ️ 셀록 searchAll 시작: 케이블보호 A0059
[2026-03-12 06:11:01] ℹ️ 셀록 요청 시작: search(케이블보호 A0059)
[2026-03-12 06:11:01] ℹ️ 셀록 요청 시작: coupang(케이블보호 A0059)
[2026-03-12 06:11:01] ✅ 셀록 요청 성공: coupang(케이블보호 A0059)
[2026-03-12 06:11:02] ✅ 셀록 요청 성공: search(케이블보호 A0059)
[2026-03-12 06:11:02] ✅ 셀록 searchAll 완료: 케이블보호 A0059
[2026-03-12 06:11:02] ℹ️ 후보 추출 완료 / rawCount=8 / smart=USB 케이블 코드 충전선 보호대 파손 꼬임 방지 보호 캡 홀더 커버 (A0059) / coupang=USB 케이블 코드 충전선 보호대 파손 꼬임 방지 보호 캡 홀더 커버 (A0059) 블루 1개
[2026-03-12 06:11:02] ⏸ 사용자 판정 대기중
[2026-03-12 06:11:13] ✅ 스마트스토어 확정: 11
[2026-03-12 06:11:13] - 원스톱(JSON) 조회: no=16 / 스마트리빙스토어 배터리클램프 A0145 한쌍돌다리
[2026-03-12 06:11:13] - 셀록 검색: 배터리클램프 A0145
[2026-03-12 06:11:13] ℹ️ 셀록 searchAll 시작: 배터리클램프 A0145
[2026-03-12 06:11:13] ℹ️ 셀록 요청 시작: search(배터리클램프 A0145)
[2026-03-12 06:11:13] ℹ️ 셀록 요청 시작: coupang(배터리클램프 A0145)
[2026-03-12 06:11:14] ✅ 셀록 요청 성공: coupang(배터리클램프 A0145)
[2026-03-12 06:11:15] ✅ 셀록 요청 성공: search(배터리클램프 A0145)
[2026-03-12 06:11:15] ✅ 셀록 searchAll 완료: 배터리클램프 A0145
[2026-03-12 06:11:15] ℹ️ 후보 추출 완료 / rawCount=40 / smart=차량용 배터리 단자 클램프 커넥터 한쌍 (A0145) / coupang=배터리클램프 자동차 차량용 배터리 터미널 커넥터 클립 연결 브라켓 배터리클램프A0145한쌍 1개
[2026-03-12 06:11:15] ⏸ 사용자 판정 대기중
[2026-03-12 06:11:19] ✅ 스마트스토어 확정: 16
[2026-03-12 06:11:19] - 원스톱(JSON) 조회: no=10 / 돌다리 트렁크나사후크 A0016 1PCS돌다리
[2026-03-12 06:11:19] - 셀록 검색: 트렁크나사후크 A0016
[2026-03-12 06:11:19] ℹ️ 셀록 searchAll 시작: 트렁크나사후크 A0016
[2026-03-12 06:11:19] ℹ️ 셀록 요청 시작: search(트렁크나사후크 A0016)
[2026-03-12 06:11:19] ℹ️ 셀록 요청 시작: coupang(트렁크나사후크 A0016)
[2026-03-12 06:11:19] ✅ 셀록 요청 성공: coupang(트렁크나사후크 A0016)
[2026-03-12 06:11:20] ✅ 셀록 요청 성공: search(트렁크나사후크 A0016)
[2026-03-12 06:11:20] ✅ 셀록 searchAll 완료: 트렁크나사후크 A0016
[2026-03-12 06:11:20] ℹ️ 후보 추출 완료 / rawCount=40 / smart=차량용 트렁크 그물망 후크 나사 자동차 네트 그물 고정 걸이 고리 (A0016) / coupang=차량용 트렁크 그물망 후크 나사 자동차 네트 그물 고정 걸이 고리 (A0016)
[2026-03-12 06:11:20] ⏸ 사용자 판정 대기중
[2026-03-12 06:11:22] ✅ 스마트스토어 확정: 10
[2026-03-12 06:11:22] - 원스톱(JSON) 조회: no=17 / 돌다리 카드케이스 A0037돌다리
[2026-03-12 06:11:22] - 셀록 검색: 카드케이스 A0037
[2026-03-12 06:11:22] ℹ️ 셀록 searchAll 시작: 카드케이스 A0037
[2026-03-12 06:11:22] ℹ️ 셀록 요청 시작: search(카드케이스 A0037)
[2026-03-12 06:11:22] ℹ️ 셀록 요청 시작: coupang(카드케이스 A0037)
[2026-03-12 06:11:22] ✅ 셀록 요청 성공: coupang(카드케이스 A0037)
[2026-03-12 06:11:22] ✅ 셀록 요청 성공: search(카드케이스 A0037)
[2026-03-12 06:11:22] ✅ 셀록 searchAll 완료: 카드케이스 A0037
[2026-03-12 06:11:22] ℹ️ 후보 추출 완료 / rawCount=3 / smart=사원증 출입증 학생증 보호 케이스 교통 ID 신용 카드 반투명 아크릴 홀더 (A0037) / coupang=사원증 출입증 학생증 보호 케이스 교통 ID 신용 카드 반투명 아크릴 홀더 (A0037)
[2026-03-12 06:11:22] ⏸ 사용자 판정 대기중
[2026-03-12 06:11:23] ✅ 스마트스토어 확정: 17
[2026-03-12 06:11:23] - 원스톱(JSON) 조회: no=15 / 돌다리 완두콩 A0054돌다리
[2026-03-12 06:11:23] - 셀록 검색: 완두콩 A0054
[2026-03-12 06:11:23] ℹ️ 셀록 searchAll 시작: 완두콩 A0054
[2026-03-12 06:11:23] ℹ️ 셀록 요청 시작: search(완두콩 A0054)
[2026-03-12 06:11:23] ℹ️ 셀록 요청 시작: coupang(완두콩 A0054)
[2026-03-12 06:11:24] ✅ 셀록 요청 성공: coupang(완두콩 A0054)
[2026-03-12 06:11:25] ✅ 셀록 요청 성공: search(완두콩 A0054)
[2026-03-12 06:11:25] ✅ 셀록 searchAll 완료: 완두콩 A0054
[2026-03-12 06:11:25] ℹ️ 후보 추출 완료 / rawCount=3 / smart=완두콩 콩 피젯 장난감 짜기 짜내기 재미 감압 파티 완구 선물 악세사리 (A0054) / coupang=완두콩 콩 피젯 장난감 짜기 짜내기 재미 감압 파티 완구 선물 악세사리 (A0054) 1개
[2026-03-12 06:11:25] ⏸ 사용자 판정 대기중
[2026-03-12 06:11:26] ✅ 스마트스토어 확정: 15
[2026-03-12 06:11:26] - 원스톱(JSON) 조회: no=6 / 돌다리 모종판세트 A0005돌다리
[2026-03-12 06:11:26] - 셀록 검색: 모종판세트 A0005
[2026-03-12 06:11:26] ℹ️ 셀록 searchAll 시작: 모종판세트 A0005
[2026-03-12 06:11:26] ℹ️ 셀록 요청 시작: search(모종판세트 A0005)
[2026-03-12 06:11:26] ℹ️ 셀록 요청 시작: coupang(모종판세트 A0005)
[2026-03-12 06:11:27] ✅ 셀록 요청 성공: coupang(모종판세트 A0005)
[2026-03-12 06:11:27] ✅ 셀록 요청 성공: search(모종판세트 A0005)
[2026-03-12 06:11:27] ✅ 셀록 searchAll 완료: 모종판세트 A0005
[2026-03-12 06:11:27] ℹ️ 후보 추출 완료 / rawCount=1 / smart=실내외 씨앗 발아기 모종판 세트 수경 재배 워터 트레이 (A0005) / coupang=-
[2026-03-12 06:11:27] ⏸ 사용자 판정 대기중
[2026-03-12 06:11:29] ✅ 스마트스토어 확정: 6
[2026-03-12 06:11:29] - 원스톱(JSON) 조회: no=7 / 돌다리 드릴비트세트 A0023 각6pcs돌다리
[2026-03-12 06:11:29] - 셀록 검색: 드릴비트세트 A0023
[2026-03-12 06:11:29] ℹ️ 셀록 searchAll 시작: 드릴비트세트 A0023
[2026-03-12 06:11:29] ℹ️ 셀록 요청 시작: search(드릴비트세트 A0023)
[2026-03-12 06:11:29] ℹ️ 셀록 요청 시작: coupang(드릴비트세트 A0023)
[2026-03-12 06:11:30] ✅ 셀록 요청 성공: coupang(드릴비트세트 A0023)
[2026-03-12 06:11:30] ✅ 셀록 요청 성공: search(드릴비트세트 A0023)
[2026-03-12 06:11:30] ✅ 셀록 searchAll 완료: 드릴비트세트 A0023
[2026-03-12 06:11:30] ℹ️ 후보 추출 완료 / rawCount=3 / smart=티타늄합금 다용도 고속 강철 전동 드릴 비트 6세트 (A0023) / coupang=나선형 트위스트 코발트 드릴 밀링 비트 세트 스텐 기리 드릴날 6P (A0023) 1개
[2026-03-12 06:11:30] ⏸ 사용자 판정 대기중
[2026-03-12 06:11:32] ✅ 스마트스토어 확정: 7
[2026-03-12 06:11:32] - 원스톱(JSON) 조회: no=8 / 돌다리 동전케이스 A0017돌다리
[2026-03-12 06:11:32] - 셀록 검색: 동전케이스 A0017
[2026-03-12 06:11:32] ℹ️ 셀록 searchAll 시작: 동전케이스 A0017
[2026-03-12 06:11:32] ℹ️ 셀록 요청 시작: search(동전케이스 A0017)
[2026-03-12 06:11:32] ℹ️ 셀록 요청 시작: coupang(동전케이스 A0017)
[2026-03-12 06:11:33] ✅ 셀록 요청 성공: coupang(동전케이스 A0017)
[2026-03-12 06:11:33] ✅ 셀록 요청 성공: search(동전케이스 A0017)
[2026-03-12 06:11:33] ✅ 셀록 searchAll 완료: 동전케이스 A0017
[2026-03-12 06:11:33] ℹ️ 후보 추출 완료 / rawCount=40 / smart=일본동전지갑 엔화 케이스 일본여행필수품 홀더 키링 투명 미니 / coupang=-
[2026-03-12 06:11:33] ⏸ 사용자 판정 대기중
[2026-03-12 06:11:44] - 셀록 검색: 동전케이스 포켓
[2026-03-12 06:11:44] ℹ️ 셀록 searchAll 시작: 동전케이스 포켓
[2026-03-12 06:11:44] ℹ️ 셀록 요청 시작: search(동전케이스 포켓)
[2026-03-12 06:11:44] ℹ️ 셀록 요청 시작: coupang(동전케이스 포켓)
[2026-03-12 06:11:45] ✅ 셀록 요청 성공: coupang(동전케이스 포켓)
[2026-03-12 06:11:46] ✅ 셀록 요청 성공: search(동전케이스 포켓)
[2026-03-12 06:11:46] ✅ 셀록 searchAll 완료: 동전케이스 포켓
[2026-03-12 06:11:46] ℹ️ 후보 추출 완료 / rawCount=40 / smart=카피바라 모양 미니 동전 지갑 귀여운 캐릭터 동전 케이스 포켓 커플키링 / coupang=-
[2026-03-12 06:11:46] ⏸ 사용자 판정 대기중
[2026-03-12 06:11:50] - 셀록 검색: 동전케이스 홀더
[2026-03-12 06:11:50] ℹ️ 셀록 searchAll 시작: 동전케이스 홀더
[2026-03-12 06:11:50] ℹ️ 셀록 요청 시작: search(동전케이스 홀더)
[2026-03-12 06:11:51] ℹ️ 셀록 요청 시작: coupang(동전케이스 홀더)
[2026-03-12 06:11:51] ✅ 셀록 요청 성공: coupang(동전케이스 홀더)
[2026-03-12 06:11:52] ✅ 셀록 요청 성공: search(동전케이스 홀더)
[2026-03-12 06:11:52] ✅ 셀록 searchAll 완료: 동전케이스 홀더
[2026-03-12 06:11:52] ℹ️ 후보 추출 완료 / rawCount=40 / smart=일본동전지갑 세트 대용량 일본여행 준비물 엔화 코인 케이스 홀더 / coupang=-
[2026-03-12 06:11:52] ⏸ 사용자 판정 대기중
[2026-03-12 06:11:57] - 셀록 검색: 차량용 동전케이스 홀더
[2026-03-12 06:11:57] ℹ️ 셀록 searchAll 시작: 차량용 동전케이스 홀더
[2026-03-12 06:11:57] ℹ️ 셀록 요청 시작: search(차량용 동전케이스 홀더)
[2026-03-12 06:11:57] ℹ️ 셀록 요청 시작: coupang(차량용 동전케이스 홀더)
[2026-03-12 06:11:58] ✅ 셀록 요청 성공: coupang(차량용 동전케이스 홀더)
[2026-03-12 06:11:59] ✅ 셀록 요청 성공: search(차량용 동전케이스 홀더)
[2026-03-12 06:11:59] ✅ 셀록 searchAll 완료: 차량용 동전케이스 홀더
[2026-03-12 06:11:59] ℹ️ 후보 추출 완료 / rawCount=40 / smart=차량용 동전 케이스 홀더 택시 동전수납 동전통 / coupang=캐이스 택시 동전케이스 홀더 삼진 수납함 보관함
[2026-03-12 06:11:59] ⏸ 사용자 판정 대기중
[2026-03-12 06:12:05] - 셀록 검색: 차량용 케이스 홀더
[2026-03-12 06:12:05] ℹ️ 셀록 searchAll 시작: 차량용 케이스 홀더
[2026-03-12 06:12:05] ℹ️ 셀록 요청 시작: search(차량용 케이스 홀더)
[2026-03-12 06:12:05] ℹ️ 셀록 요청 시작: coupang(차량용 케이스 홀더)
[2026-03-12 06:12:06] ✅ 셀록 요청 성공: coupang(차량용 케이스 홀더)
[2026-03-12 06:12:07] ✅ 셀록 요청 성공: search(차량용 케이스 홀더)
[2026-03-12 06:12:07] ✅ 셀록 searchAll 완료: 차량용 케이스 홀더
[2026-03-12 06:12:07] ℹ️ 후보 추출 완료 / rawCount=40 / smart=톨츠팩토리 차량용 컵홀더 수납함 자동차 정리함 뒷좌석 휴지 케이스 거치대 트레이 베이지 / coupang=-
[2026-03-12 06:12:07] ⏸ 사용자 판정 대기중
[2026-03-12 06:12:17] ⏭ 패스: 8
[2026-03-12 06:12:17] - 원스톱(JSON) 조회: no=13 / 돌다리 욕조베개 A0067돌다리
[2026-03-12 06:12:17] - 셀록 검색: 욕조베개 A0067
[2026-03-12 06:12:17] ℹ️ 셀록 searchAll 시작: 욕조베개 A0067
[2026-03-12 06:12:17] ℹ️ 셀록 요청 시작: search(욕조베개 A0067)
[2026-03-12 06:12:17] ℹ️ 셀록 요청 시작: coupang(욕조베개 A0067)
[2026-03-12 06:12:18] ✅ 셀록 요청 성공: coupang(욕조베개 A0067)
[2026-03-12 06:12:18] ✅ 셀록 요청 성공: search(욕조베개 A0067)
[2026-03-12 06:12:18] ✅ 셀록 searchAll 완료: 욕조베개 A0067
[2026-03-12 06:12:18] ℹ️ 후보 추출 완료 / rawCount=40 / smart=편안한 욕조 베개 쿠션 목욕 반신욕 머리받침 목받침 스파 흡입컵 필로우 (A0067) / coupang=편안한 욕조 베개 쿠션 목욕 반신욕 머리받침 목받침 스파 흡입컵 필로우 (A0067) 1개
[2026-03-12 06:12:18] ⏸ 사용자 판정 대기중
[2026-03-12 06:12:19] ✅ 스마트스토어 확정: 13
[2026-03-12 06:12:19] - 원스톱(JSON) 조회: no=18 / 돌다리 욕조베개 A0039돌다리
[2026-03-12 06:12:19] - 셀록 검색: 욕조베개 A0039
[2026-03-12 06:12:19] ℹ️ 셀록 searchAll 시작: 욕조베개 A0039
[2026-03-12 06:12:19] ℹ️ 셀록 요청 시작: search(욕조베개 A0039)
[2026-03-12 06:12:19] ℹ️ 셀록 요청 시작: coupang(욕조베개 A0039)
[2026-03-12 06:12:20] ✅ 셀록 요청 성공: coupang(욕조베개 A0039)
[2026-03-12 06:12:20] ✅ 셀록 요청 성공: search(욕조베개 A0039)
[2026-03-12 06:12:20] ✅ 셀록 searchAll 완료: 욕조베개 A0039
[2026-03-12 06:12:20] ℹ️ 후보 추출 완료 / rawCount=40 / smart=다용도 휴대용 쿠션 욕조 베개 흡착판 고정 (A0039) / coupang=-
[2026-03-12 06:12:20] ⏸ 사용자 판정 대기중
[2026-03-12 06:12:22] ✅ 스마트스토어 확정: 18
[2026-03-12 06:12:22] - 원스톱(JSON) 조회: no=14 / 월드 욕조베개 A0066돌다리
[2026-03-12 06:12:22] - 셀록 검색: 욕조베개 A0066
[2026-03-12 06:12:22] ℹ️ 셀록 searchAll 시작: 욕조베개 A0066
[2026-03-12 06:12:22] ℹ️ 셀록 요청 시작: search(욕조베개 A0066)
[2026-03-12 06:12:22] ℹ️ 셀록 요청 시작: coupang(욕조베개 A0066)
[2026-03-12 06:12:22] ✅ 셀록 요청 성공: coupang(욕조베개 A0066)
[2026-03-12 06:12:23] ✅ 셀록 요청 성공: search(욕조베개 A0066)
[2026-03-12 06:12:23] ✅ 셀록 searchAll 완료: 욕조베개 A0066
[2026-03-12 06:12:23] ℹ️ 후보 추출 완료 / rawCount=40 / smart=인체공학 디자인 설계 욕조 베개 어린이 부터 어른 까지 편안한 사용 (A0066) / coupang=흡착식 욕조 머리받침 스파 목욕 반신욕 목 머리 쿠션 베게 받침 지지대 (A0066) 1개
[2026-03-12 06:12:23] ⏸ 사용자 판정 대기중
[2026-03-12 06:12:25] ✅ 스마트스토어 확정: 14
[2026-03-12 06:12:25] - 원스톱(JSON) 조회: no=9 / 제이브로시스 도어 LED 스트립 A0015돌다리
[2026-03-12 06:12:25] - 셀록 검색: 도어 LED 스트립 A0015
[2026-03-12 06:12:25] ℹ️ 셀록 searchAll 시작: 도어 LED 스트립 A0015
[2026-03-12 06:12:25] ℹ️ 셀록 요청 시작: search(도어 LED 스트립 A0015)
[2026-03-12 06:12:25] ℹ️ 셀록 요청 시작: coupang(도어 LED 스트립 A0015)
[2026-03-12 06:12:25] ✅ 셀록 요청 성공: coupang(도어 LED 스트립 A0015)
[2026-03-12 06:12:26] ✅ 셀록 요청 성공: search(도어 LED 스트립 A0015)
[2026-03-12 06:12:26] ✅ 셀록 searchAll 완료: 도어 LED 스트립 A0015
[2026-03-12 06:12:26] ℹ️ 후보 추출 완료 / rawCount=40 / smart=자동차 도어 경고 LED 스트립 라이트 야간 안전 후면 추돌 경고 조명 (A0015) / coupang=자동차 LED 도어 경고 스트립 플래시 램프 충돌 방지 A0015 도어 LED 스트립 1개
[2026-03-12 06:12:26] ⏸ 사용자 판정 대기중
[2026-03-12 06:12:28] ✅ 스마트스토어 확정: 9
[2026-03-12 06:12:28] - 원스톱(JSON) 조회: no=20 / 돌다리 경추베개 A0040돌다리
[2026-03-12 06:12:28] - 셀록 검색: 경추베개 A0040
[2026-03-12 06:12:28] ℹ️ 셀록 searchAll 시작: 경추베개 A0040
[2026-03-12 06:12:28] ℹ️ 셀록 요청 시작: search(경추베개 A0040)
[2026-03-12 06:12:28] ℹ️ 셀록 요청 시작: coupang(경추베개 A0040)
[2026-03-12 06:12:28] ✅ 셀록 요청 성공: coupang(경추베개 A0040)
[2026-03-12 06:12:29] ✅ 셀록 요청 성공: search(경추베개 A0040)
[2026-03-12 06:12:29] ✅ 셀록 searchAll 완료: 경추베개 A0040
[2026-03-12 06:12:29] ℹ️ 후보 추출 완료 / rawCount=40 / smart=어깨와 목을 편안하게 받쳐 주는 경추 베개 릴렉서 (A0040) / coupang=C자형 경추 스폰지 베개 목 어깨 척추 근육 긴장 완화 마사지 필로우 (A0040)
[2026-03-12 06:12:29] ⏸ 사용자 판정 대기중
[2026-03-12 06:12:31] ✅ 스마트스토어 확정: 20
[2026-03-12 06:12:31] - 원스톱(JSON) 조회: no=19 / 돌다리 휴대용손소독케이스 A0038 랜덤색상돌다리
[2026-03-12 06:12:31] - 셀록 검색: 휴대용손소독케이스 A0038
[2026-03-12 06:12:31] ℹ️ 셀록 searchAll 시작: 휴대용손소독케이스 A0038
[2026-03-12 06:12:31] ℹ️ 셀록 요청 시작: search(휴대용손소독케이스 A0038)
[2026-03-12 06:12:31] ℹ️ 셀록 요청 시작: coupang(휴대용손소독케이스 A0038)
[2026-03-12 06:12:31] ✅ 셀록 요청 성공: coupang(휴대용손소독케이스 A0038)
[2026-03-12 06:12:32] ✅ 셀록 요청 성공: search(휴대용손소독케이스 A0038)
[2026-03-12 06:12:32] ✅ 셀록 searchAll 완료: 휴대용손소독케이스 A0038
[2026-03-12 06:12:32] ℹ️ 후보 추출 완료 / rawCount=0 / smart=- / coupang=-
[2026-03-12 06:12:32] 검색 결과가 없습니다. 검색어를 수정한 뒤 재검색하거나 패스하세요.
[2026-03-12 06:12:33] ⏭ 패스: 19
[2026-03-12 06:12:33] ✅ 작업 완료
[2026-03-12 06:54:48] 🚀 작업 시작 / 총 79건
[2026-03-12 06:54:48] ℹ️ 원스톱 JSON 사용: E:\dev\onestop-sello-app\data\onestop_products.json
[2026-03-12 06:54:48] ℹ️ 범위 기준 상품번호 시작: 61
[2026-03-12 06:54:48] - 원스톱(JSON) 조회: no=61 / 제이브로시스 케이블라벨 A0182돌다리
[2026-03-12 06:54:48] - 셀록 검색: 케이블라벨 A0182
[2026-03-12 06:54:48] ℹ️ 셀록 searchAll 시작: 케이블라벨 A0182
[2026-03-12 06:54:48] ℹ️ 셀록 요청 시작: search(케이블라벨 A0182)
[2026-03-12 06:54:49] ℹ️ 셀록 요청 시작: coupang(케이블라벨 A0182)
[2026-03-12 06:54:49] ✅ 셀록 요청 성공: coupang(케이블라벨 A0182)
[2026-03-12 06:54:50] ✅ 셀록 요청 성공: search(케이블라벨 A0182)
[2026-03-12 06:54:50] ✅ 셀록 searchAll 완료: 케이블라벨 A0182
[2026-03-12 06:54:50] ℹ️ 후보 추출 완료 / rawCount=40 / smart=케이블 라벨 강력한 접착 실내 야외 라벨링 네입 택(A0182) / coupang=케이블 선 정리 관리 라벨 스티커 네임 분류 구분 식별 텍 태그 마커 방수 (A0182) 화이트
[2026-03-12 06:54:50] ⏸ 사용자 판정 대기중
[2026-03-12 06:54:56] ✅ 스마트스토어 확정: 61
[2026-03-12 06:54:56] - 원스톱(JSON) 조회: no=58 / 마켓퀸즈 608ZZ 볼베어링 A0178돌다리
[2026-03-12 06:54:56] - 셀록 검색: 608ZZ 볼베어링 A0178
[2026-03-12 06:54:56] ℹ️ 셀록 searchAll 시작: 608ZZ 볼베어링 A0178
[2026-03-12 06:54:56] ℹ️ 셀록 요청 시작: search(608ZZ 볼베어링 A0178)
[2026-03-12 06:54:56] ℹ️ 셀록 요청 시작: coupang(608ZZ 볼베어링 A0178)
[2026-03-12 06:54:56] ✅ 셀록 요청 성공: coupang(608ZZ 볼베어링 A0178)
[2026-03-12 06:54:57] ✅ 셀록 요청 성공: search(608ZZ 볼베어링 A0178)
[2026-03-12 06:54:57] ✅ 셀록 searchAll 완료: 608ZZ 볼베어링 A0178
[2026-03-12 06:54:57] ℹ️ 후보 추출 완료 / rawCount=40 / smart=BWX 볼베어링 608ZZ 양쪽 철커버 소형 베어링 드론 RC카 608Z / coupang=-
[2026-03-12 06:54:57] ⏸ 사용자 판정 대기중
[2026-03-12 06:55:04] - 셀록 검색: 608ZZ 볼베어링
[2026-03-12 06:55:04] ℹ️ 셀록 searchAll 시작: 608ZZ 볼베어링
[2026-03-12 06:55:04] ℹ️ 셀록 요청 시작: search(608ZZ 볼베어링)
[2026-03-12 06:55:04] ℹ️ 셀록 요청 시작: coupang(608ZZ 볼베어링)
[2026-03-12 06:55:04] ✅ 셀록 요청 성공: coupang(608ZZ 볼베어링)
[2026-03-12 06:55:05] ✅ 셀록 요청 성공: search(608ZZ 볼베어링)
[2026-03-12 06:55:05] ✅ 셀록 searchAll 완료: 608ZZ 볼베어링
[2026-03-12 06:55:05] ℹ️ 후보 추출 완료 / rawCount=40 / smart=BWX 볼베어링 608ZZ 양쪽 철커버 소형 베어링 드론 RC카 608Z / coupang=-
[2026-03-12 06:55:05] ⏸ 사용자 판정 대기중
[2026-03-12 06:55:13] - 셀록 검색: 608ZZ 볼베어링 롤러
[2026-03-12 06:55:13] ℹ️ 셀록 searchAll 시작: 608ZZ 볼베어링 롤러
[2026-03-12 06:55:13] ℹ️ 셀록 요청 시작: search(608ZZ 볼베어링 롤러)
[2026-03-12 06:55:13] ℹ️ 셀록 요청 시작: coupang(608ZZ 볼베어링 롤러)
[2026-03-12 06:55:14] ✅ 셀록 요청 성공: coupang(608ZZ 볼베어링 롤러)
[2026-03-12 06:55:14] ✅ 셀록 요청 성공: search(608ZZ 볼베어링 롤러)
[2026-03-12 06:55:14] ✅ 셀록 searchAll 완료: 608ZZ 볼베어링 롤러
[2026-03-12 06:55:14] ℹ️ 후보 추출 완료 / rawCount=40 / smart=100 10PCS 볼 베어링 608zz 623zz 625zz 626zz 롤러 베어링용 / coupang=-
[2026-03-12 06:55:14] ⏸ 사용자 판정 대기중
[2026-03-12 06:55:19] - 셀록 검색: 볼베어링 롤러
[2026-03-12 06:55:19] ℹ️ 셀록 searchAll 시작: 볼베어링 롤러
[2026-03-12 06:55:19] ℹ️ 셀록 요청 시작: search(볼베어링 롤러)
[2026-03-12 06:55:19] ℹ️ 셀록 요청 시작: coupang(볼베어링 롤러)
[2026-03-12 06:55:19] ✅ 셀록 요청 성공: coupang(볼베어링 롤러)
[2026-03-12 06:55:21] ✅ 셀록 요청 성공: search(볼베어링 롤러)
[2026-03-12 06:55:21] ✅ 셀록 searchAll 완료: 볼베어링 롤러
[2026-03-12 06:55:21] ℹ️ 후보 추출 완료 / rawCount=40 / smart=볼롤러 볼캐스터 BC BCP 프레스가공형 경량 타원형 볼트랜스퍼 회전구슬 / coupang=-
[2026-03-12 06:55:21] ⏸ 사용자 판정 대기중
[2026-03-12 06:55:27] - 셀록 검색: 볼베어링
[2026-03-12 06:55:27] ℹ️ 셀록 searchAll 시작: 볼베어링
[2026-03-12 06:55:27] ℹ️ 셀록 요청 시작: search(볼베어링)
[2026-03-12 06:55:27] ℹ️ 셀록 요청 시작: coupang(볼베어링)
[2026-03-12 06:55:27] ✅ 셀록 요청 성공: coupang(볼베어링)
[2026-03-12 06:55:28] ✅ 셀록 요청 성공: search(볼베어링)
[2026-03-12 06:55:28] ✅ 셀록 searchAll 완료: 볼베어링
[2026-03-12 06:55:28] ℹ️ 후보 추출 완료 / rawCount=40 / smart=일제 NTN 볼 베어링 6204 6204ZZ 6204LLU / coupang=-
[2026-03-12 06:55:28] ⏸ 사용자 판정 대기중
[2026-03-12 06:55:33] ⏭ 패스: 58 / 다른 이미지가 나옴
[2026-03-12 06:55:33] - 원스톱(JSON) 조회: no=34 / 돌다리 편지오프너 A0122 색상랜덤돌다리
[2026-03-12 06:55:33] - 셀록 검색: 편지오프너 A0122
[2026-03-12 06:55:33] ℹ️ 셀록 searchAll 시작: 편지오프너 A0122
[2026-03-12 06:55:33] ℹ️ 셀록 요청 시작: search(편지오프너 A0122)
[2026-03-12 06:55:33] ℹ️ 셀록 요청 시작: coupang(편지오프너 A0122)
[2026-03-12 06:55:33] ✅ 셀록 요청 성공: coupang(편지오프너 A0122)
[2026-03-12 06:55:34] ✅ 셀록 요청 성공: search(편지오프너 A0122)
[2026-03-12 06:55:34] ✅ 셀록 searchAll 완료: 편지오프너 A0122
[2026-03-12 06:55:34] ℹ️ 후보 추출 완료 / rawCount=40 / smart=미니 레터 편지 오프너 봉투 박스 로프 와이어 커터 칼 나이프 사무용품 (A0122) / coupang=미니 레터 편지 오프너 봉투 박스 로프 와이어 커터 칼 나이프 사무용품 (A0122)
[2026-03-12 06:55:34] ⏸ 사용자 판정 대기중
[2026-03-12 06:55:37] - 셀록 검색: 편지오프너 A0122
[2026-03-12 06:55:37] ℹ️ 셀록 searchAll 시작: 편지오프너 A0122
[2026-03-12 06:55:37] ℹ️ 셀록 요청 시작: search(편지오프너 A0122)
[2026-03-12 06:55:37] ℹ️ 셀록 요청 시작: coupang(편지오프너 A0122)
[2026-03-12 06:55:38] ✅ 셀록 요청 성공: coupang(편지오프너 A0122)
[2026-03-12 06:55:38] ✅ 셀록 요청 성공: search(편지오프너 A0122)
[2026-03-12 06:55:38] ✅ 셀록 searchAll 완료: 편지오프너 A0122
[2026-03-12 06:55:38] ℹ️ 후보 추출 완료 / rawCount=40 / smart=미니 레터 편지 오프너 봉투 박스 로프 와이어 커터 칼 나이프 사무용품 (A0122) / coupang=미니 레터 편지 오프너 봉투 박스 로프 와이어 커터 칼 나이프 사무용품 (A0122)
[2026-03-12 06:55:38] ⏸ 사용자 판정 대기중
[2026-03-12 06:55:44] - 셀록 검색: 편지오프너
[2026-03-12 06:55:44] ℹ️ 셀록 searchAll 시작: 편지오프너
[2026-03-12 06:55:44] ℹ️ 셀록 요청 시작: search(편지오프너)
[2026-03-12 06:55:44] ℹ️ 셀록 요청 시작: coupang(편지오프너)
[2026-03-12 06:55:44] ✅ 셀록 요청 성공: coupang(편지오프너)
[2026-03-12 06:55:45] ✅ 셀록 요청 성공: search(편지오프너)
[2026-03-12 06:55:45] ✅ 셀록 searchAll 완료: 편지오프너
[2026-03-12 06:55:45] ℹ️ 후보 추출 완료 / rawCount=40 / smart=편지오프너 커터 DC001506 / coupang=-
[2026-03-12 06:55:45] ⏸ 사용자 판정 대기중
[2026-03-12 06:55:46] ✅ 스마트스토어 확정: 34
[2026-03-12 06:55:46] - 원스톱(JSON) 조회: no=40 / 빵구몰 케이블 A0048돌다리
[2026-03-12 06:55:46] - 셀록 검색: 케이블 A0048
[2026-03-12 06:55:46] ℹ️ 셀록 searchAll 시작: 케이블 A0048
[2026-03-12 06:55:46] ℹ️ 셀록 요청 시작: search(케이블 A0048)
[2026-03-12 06:55:46] ℹ️ 셀록 요청 시작: coupang(케이블 A0048)
[2026-03-12 06:55:47] ✅ 셀록 요청 성공: coupang(케이블 A0048)
[2026-03-12 06:55:47] ✅ 셀록 요청 성공: search(케이블 A0048)
[2026-03-12 06:55:47] ✅ 셀록 searchAll 완료: 케이블 A0048
[2026-03-12 06:55:47] ℹ️ 후보 추출 완료 / rawCount=18 / smart=배터리 밸런스 케이블 커넥터 RC LIPO 배터리 충전용 4구 5구 6구 (A0048) / coupang=HP 노트북 파빌리온 게이밍 16-A0048tx 19.5V 10.3A 200W(4.5X3.0 pin) 블루팁 전원 어댑터 충전기 HP 200W 블루팁 + PC 케이블 1개
[2026-03-12 06:55:47] ⏸ 사용자 판정 대기중
[2026-03-12 06:55:49] ✅ 스마트스토어 확정: 40
[2026-03-12 06:55:49] - 원스톱(JSON) 조회: no=29 / 돌다리 카드홀더 A0159돌다리
[2026-03-12 06:55:49] - 셀록 검색: 카드홀더 A0159
[2026-03-12 06:55:49] ℹ️ 셀록 searchAll 시작: 카드홀더 A0159
[2026-03-12 06:55:49] ℹ️ 셀록 요청 시작: search(카드홀더 A0159)
[2026-03-12 06:55:49] ℹ️ 셀록 요청 시작: coupang(카드홀더 A0159)
[2026-03-12 06:55:49] ✅ 셀록 요청 성공: coupang(카드홀더 A0159)
[2026-03-12 06:55:50] ✅ 셀록 요청 성공: search(카드홀더 A0159)
[2026-03-12 06:55:50] ✅ 셀록 searchAll 완료: 카드홀더 A0159
[2026-03-12 06:55:50] ℹ️ 후보 추출 완료 / rawCount=40 / smart=사원증 여행용 캐리어 인식표 신용카드 명함 다용도 홀더 (A0159) / coupang=PU 가죽 ID배지 케이스 투명 컬러 테두리 카드 11x7cm 카드홀더 A0159 옐로우
[2026-03-12 06:55:50] ⏸ 사용자 판정 대기중
[2026-03-12 06:55:52] ✅ 스마트스토어 확정: 29
[2026-03-12 06:55:52] - 원스톱(JSON) 조회: no=70 / 에스엘몰 베어링 A0083 1PCS돌다리
[2026-03-12 06:55:52] - 셀록 검색: 베어링 A0083
[2026-03-12 06:55:52] ℹ️ 셀록 searchAll 시작: 베어링 A0083
[2026-03-12 06:55:52] ℹ️ 셀록 요청 시작: search(베어링 A0083)
[2026-03-12 06:55:52] ℹ️ 셀록 요청 시작: coupang(베어링 A0083)
[2026-03-12 06:55:52] ✅ 셀록 요청 성공: coupang(베어링 A0083)
[2026-03-12 06:55:53] ✅ 셀록 요청 성공: search(베어링 A0083)
[2026-03-12 06:55:53] ✅ 셀록 searchAll 완료: 베어링 A0083
[2026-03-12 06:55:53] ℹ️ 후보 추출 완료 / rawCount=5 / smart=인라인 롤러 스케이트 베어링 (A0083) / coupang=608RS 베어링 인라인 스케이트 보드 휠베어링 롤러 ABEC5 ABEC7 (A0083) 1개
[2026-03-12 06:55:53] ⏸ 사용자 판정 대기중
[2026-03-12 06:56:04] - 셀록 검색: 베어링 인라인
[2026-03-12 06:56:04] ℹ️ 셀록 searchAll 시작: 베어링 인라인
[2026-03-12 06:56:04] ℹ️ 셀록 요청 시작: search(베어링 인라인)
[2026-03-12 06:56:04] ℹ️ 셀록 요청 시작: coupang(베어링 인라인)
[2026-03-12 06:56:05] ✅ 셀록 요청 성공: coupang(베어링 인라인)
[2026-03-12 06:56:06] ✅ 셀록 요청 성공: search(베어링 인라인)
[2026-03-12 06:56:06] ✅ 셀록 searchAll 완료: 베어링 인라인
[2026-03-12 06:56:06] ℹ️ 후보 추출 완료 / rawCount=40 / smart=유아 인라인스케이트 아동 어린이 롤러브레이드 세트 / coupang=-
[2026-03-12 06:56:06] ⏸ 사용자 판정 대기중
[2026-03-12 06:56:11] - 셀록 검색: 베어링 인라인 롤러
[2026-03-12 06:56:11] ℹ️ 셀록 searchAll 시작: 베어링 인라인 롤러
[2026-03-12 06:56:11] ℹ️ 셀록 요청 시작: search(베어링 인라인 롤러)
[2026-03-12 06:56:11] ℹ️ 셀록 요청 시작: coupang(베어링 인라인 롤러)
[2026-03-12 06:56:11] ✅ 셀록 요청 성공: coupang(베어링 인라인 롤러)
[2026-03-12 06:56:12] ✅ 셀록 요청 성공: search(베어링 인라인 롤러)
[2026-03-12 06:56:12] ✅ 셀록 searchAll 완료: 베어링 인라인 롤러
[2026-03-12 06:56:12] ℹ️ 후보 추출 완료 / rawCount=40 / smart=유아 인라인스케이트 아동 어린이 롤러브레이드 세트 / coupang=-
[2026-03-12 06:56:12] ⏸ 사용자 판정 대기중
[2026-03-12 06:56:19] - 셀록 검색: 베어링 스케이트 인라인 롤러
[2026-03-12 06:56:19] ℹ️ 셀록 searchAll 시작: 베어링 스케이트 인라인 롤러
[2026-03-12 06:56:19] ℹ️ 셀록 요청 시작: search(베어링 스케이트 인라인 롤러)
[2026-03-12 06:56:19] ℹ️ 셀록 요청 시작: coupang(베어링 스케이트 인라인 롤러)
[2026-03-12 06:56:20] ✅ 셀록 요청 성공: coupang(베어링 스케이트 인라인 롤러)
[2026-03-12 06:56:20] ✅ 셀록 요청 성공: search(베어링 스케이트 인라인 롤러)
[2026-03-12 06:56:20] ✅ 셀록 searchAll 완료: 베어링 스케이트 인라인 롤러
[2026-03-12 06:56:20] ℹ️ 후보 추출 완료 / rawCount=40 / smart=유아 인라인스케이트 아동 어린이 롤러브레이드 세트 / coupang=-
[2026-03-12 06:56:20] ⏸ 사용자 판정 대기중
[2026-03-12 06:56:22] - 셀록 검색: 베어링 스케이트 인라인 롤러
[2026-03-12 06:56:22] ℹ️ 셀록 searchAll 시작: 베어링 스케이트 인라인 롤러
[2026-03-12 06:56:22] ℹ️ 셀록 요청 시작: search(베어링 스케이트 인라인 롤러)
[2026-03-12 06:56:22] ℹ️ 셀록 요청 시작: coupang(베어링 스케이트 인라인 롤러)
[2026-03-12 06:56:22] ✅ 셀록 요청 성공: coupang(베어링 스케이트 인라인 롤러)
[2026-03-12 06:56:22] ✅ 셀록 요청 성공: search(베어링 스케이트 인라인 롤러)
[2026-03-12 06:56:22] ✅ 셀록 searchAll 완료: 베어링 스케이트 인라인 롤러
[2026-03-12 06:56:22] ℹ️ 후보 추출 완료 / rawCount=40 / smart=유아 인라인스케이트 아동 어린이 롤러브레이드 세트 / coupang=-
[2026-03-12 06:56:22] ⏸ 사용자 판정 대기중
[2026-03-12 06:56:24] ⏭ 패스: 70 / 다른 이미지가 나옴
[2026-03-12 06:56:24] - 원스톱(JSON) 조회: no=37 / 브라운마켓 손목끈 A0140돌다리
[2026-03-12 06:56:24] - 셀록 검색: 손목끈 A0140
[2026-03-12 06:56:24] ℹ️ 셀록 searchAll 시작: 손목끈 A0140
[2026-03-12 06:56:24] ℹ️ 셀록 요청 시작: search(손목끈 A0140)
[2026-03-12 06:56:24] ℹ️ 셀록 요청 시작: coupang(손목끈 A0140)
[2026-03-12 06:56:24] ✅ 셀록 요청 성공: coupang(손목끈 A0140)
[2026-03-12 06:56:25] ✅ 셀록 요청 성공: search(손목끈 A0140)
[2026-03-12 06:56:25] ✅ 셀록 searchAll 완료: 손목끈 A0140
[2026-03-12 06:56:25] ℹ️ 후보 추출 완료 / rawCount=40 / smart=조절식 다용도 손목 끈 스트랩 핸드폰 카메라 리모컨 홀더 줄 걸이 분실방지 (A0140) / coupang=-
[2026-03-12 06:56:25] ⏸ 사용자 판정 대기중
[2026-03-12 06:56:27] ✅ 스마트스토어 확정: 37
[2026-03-12 06:56:27] - 원스톱(JSON) 조회: no=99 / 돌다리 엔틱 코너 C A0286돌다리
[2026-03-12 06:56:27] - 셀록 검색: 엔틱 코너 C A0286
[2026-03-12 06:56:27] ℹ️ 셀록 searchAll 시작: 엔틱 코너 C A0286
[2026-03-12 06:56:27] ℹ️ 셀록 요청 시작: search(엔틱 코너 C A0286)
[2026-03-12 06:56:27] ℹ️ 셀록 요청 시작: coupang(엔틱 코너 C A0286)
[2026-03-12 06:56:27] ✅ 셀록 요청 성공: coupang(엔틱 코너 C A0286)
[2026-03-12 06:56:28] ✅ 셀록 요청 성공: search(엔틱 코너 C A0286)
[2026-03-12 06:56:28] ✅ 셀록 searchAll 완료: 엔틱 코너 C A0286
[2026-03-12 06:56:28] ℹ️ 후보 추출 완료 / rawCount=40 / smart=앤틱 코너장식 모서리장식 가구 보관함 빈티지 청동 포인트 장식 1P (CA0286) / coupang=-
[2026-03-12 06:56:28] ⏸ 사용자 판정 대기중
[2026-03-12 06:56:29] ✅ 스마트스토어 확정: 99
[2026-03-12 06:56:29] - 원스톱(JSON) 조회: no=21 / 돌다리 벽걸이 A0103돌다리
[2026-03-12 06:56:29] - 셀록 검색: 벽걸이 A0103
[2026-03-12 06:56:29] ℹ️ 셀록 searchAll 시작: 벽걸이 A0103
[2026-03-12 06:56:29] ℹ️ 셀록 요청 시작: search(벽걸이 A0103)
[2026-03-12 06:56:29] ℹ️ 셀록 요청 시작: coupang(벽걸이 A0103)
[2026-03-12 06:56:29] ✅ 셀록 요청 성공: coupang(벽걸이 A0103)
[2026-03-12 06:56:30] ✅ 셀록 요청 성공: search(벽걸이 A0103)
[2026-03-12 06:56:30] ✅ 셀록 searchAll 완료: 벽걸이 A0103
[2026-03-12 06:56:30] ℹ️ 후보 추출 완료 / rawCount=3 / smart=무타공 초강력 접착 고리 후크 벽걸이 (A0103) / coupang=북유럽 감성 온습도 벽시계 인테리어 20인치 이상 A0103
[2026-03-12 06:56:30] ⏸ 사용자 판정 대기중
[2026-03-12 06:56:31] ✅ 스마트스토어 확정: 21
[2026-03-12 06:56:31] - 원스톱(JSON) 조회: no=45 / 단구마켓 금속판 A0068돌다리
[2026-03-12 06:56:31] - 셀록 검색: 금속판 A0068
[2026-03-12 06:56:31] ℹ️ 셀록 searchAll 시작: 금속판 A0068
[2026-03-12 06:56:31] ℹ️ 셀록 요청 시작: search(금속판 A0068)
[2026-03-12 06:56:31] ℹ️ 셀록 요청 시작: coupang(금속판 A0068)
[2026-03-12 06:56:32] ✅ 셀록 요청 성공: coupang(금속판 A0068)
[2026-03-12 06:56:32] ✅ 셀록 요청 성공: search(금속판 A0068)
[2026-03-12 06:56:32] ✅ 셀록 searchAll 완료: 금속판 A0068
[2026-03-12 06:56:32] ℹ️ 후보 추출 완료 / rawCount=1 / smart=금속판 자석 휴대폰 거치대 스탠드 보조 스티커 핸드폰 부착 홀더 (A0068) / coupang=-
[2026-03-12 06:56:32] ⏸ 사용자 판정 대기중
[2026-03-12 06:56:34] ✅ 스마트스토어 확정: 45
[2026-03-12 06:56:34] - 원스톱(JSON) 조회: no=73 / 빵구몰 호스커터 A0205돌다리
[2026-03-12 06:56:34] - 셀록 검색: 호스커터 A0205
[2026-03-12 06:56:34] ℹ️ 셀록 searchAll 시작: 호스커터 A0205
[2026-03-12 06:56:34] ℹ️ 셀록 요청 시작: search(호스커터 A0205)
[2026-03-12 06:56:34] ℹ️ 셀록 요청 시작: coupang(호스커터 A0205)
[2026-03-12 06:56:34] ⚠️ 셀록 HTTP 429 / search(호스커터 A0205)
[2026-03-12 06:56:34] ⚠️ 응답 일부: {"message":"잠깐! 1분 동안의 검색 한도(10회)를 초과했습니다. 잠시 후에 다시 검색해 주세요."}
[2026-03-12 06:56:34] ⚠️ search(호스커터 A0205) 429 -> 15초 대기 후 재시도 (1/4)
[2026-03-12 06:56:34] ✅ 셀록 요청 성공: coupang(호스커터 A0205)
[2026-03-12 06:56:49] ℹ️ 셀록 요청 시작: search(호스커터 A0205)
[2026-03-12 06:56:50] ✅ 셀록 요청 성공: search(호스커터 A0205)
[2026-03-12 06:56:50] ✅ 셀록 searchAll 완료: 호스커터 A0205
[2026-03-12 06:56:50] ℹ️ 후보 추출 완료 / rawCount=40 / smart=호스커터 정수기 고무 호스 튜브 커터 절단기 컷팅기 가위 (A0205) / coupang=PVC PU PE 튜브 파이프 호스 커터 가위 절단 커팅 툴 호스커터 A0205 1개
[2026-03-12 06:56:50] ⏸ 사용자 판정 대기중
[2026-03-12 06:56:54] ✅ 스마트스토어 확정: 73
[2026-03-12 06:56:54] - 원스톱(JSON) 조회: no=75 / 단구마켓 유압리프트 A0210돌다리
[2026-03-12 06:56:54] - 셀록 검색: 유압리프트 A0210
[2026-03-12 06:56:54] ℹ️ 셀록 searchAll 시작: 유압리프트 A0210
[2026-03-12 06:56:54] ℹ️ 셀록 요청 시작: search(유압리프트 A0210)
[2026-03-12 06:56:54] ℹ️ 셀록 요청 시작: coupang(유압리프트 A0210)
[2026-03-12 06:56:54] ✅ 셀록 요청 성공: coupang(유압리프트 A0210)
[2026-03-12 06:56:55] ✅ 셀록 요청 성공: search(유압리프트 A0210)
[2026-03-12 06:56:55] ✅ 셀록 searchAll 완료: 유압리프트 A0210
[2026-03-12 06:56:55] ℹ️ 후보 추출 완료 / rawCount=40 / smart=쌍용리프트 이동식 수동 유압 운반 테이블 리프트 트럭 SYP-150 / coupang=엠클립스 유압 리프트 쟈키 2T 1개
[2026-03-12 06:56:55] ⏸ 사용자 판정 대기중
[2026-03-12 06:57:02] - 셀록 검색: 유압리프트 A0210
[2026-03-12 06:57:02] ℹ️ 셀록 searchAll 시작: 유압리프트 A0210
[2026-03-12 06:57:02] ℹ️ 셀록 요청 시작: search(유압리프트 A0210)
[2026-03-12 06:57:02] ℹ️ 셀록 요청 시작: coupang(유압리프트 A0210)
[2026-03-12 06:57:02] ✅ 셀록 요청 성공: coupang(유압리프트 A0210)
[2026-03-12 06:57:02] ✅ 셀록 요청 성공: search(유압리프트 A0210)
[2026-03-12 06:57:02] ✅ 셀록 searchAll 완료: 유압리프트 A0210
[2026-03-12 06:57:02] ℹ️ 후보 추출 완료 / rawCount=40 / smart=쌍용리프트 이동식 수동 유압 운반 테이블 리프트 트럭 SYP-150 / coupang=엠클립스 유압 리프트 쟈키 2T 1개
[2026-03-12 06:57:02] ⏸ 사용자 판정 대기중
[2026-03-12 06:57:06] - 셀록 검색: 유압리프트
[2026-03-12 06:57:06] ℹ️ 셀록 searchAll 시작: 유압리프트
[2026-03-12 06:57:06] ℹ️ 셀록 요청 시작: search(유압리프트)
[2026-03-12 06:57:06] ℹ️ 셀록 요청 시작: coupang(유압리프트)
[2026-03-12 06:57:06] ✅ 셀록 요청 성공: coupang(유압리프트)
[2026-03-12 06:57:07] ✅ 셀록 요청 성공: search(유압리프트)
[2026-03-12 06:57:07] ✅ 셀록 searchAll 완료: 유압리프트
[2026-03-12 06:57:07] ℹ️ 후보 추출 완료 / rawCount=40 / smart=쌍용리프트 이동식 수동 유압 운반 테이블 리프트 트럭 SYP-150 / coupang=엠클립스 유압 리프트 쟈키 2T 1개
[2026-03-12 06:57:07] ⏸ 사용자 판정 대기중
[2026-03-12 06:57:48] - 셀록 검색: 유압리프트 플랩스태이
[2026-03-12 06:57:48] ℹ️ 셀록 searchAll 시작: 유압리프트 플랩스태이
[2026-03-12 06:57:48] ℹ️ 셀록 요청 시작: search(유압리프트 플랩스태이)
[2026-03-12 06:57:48] ℹ️ 셀록 요청 시작: coupang(유압리프트 플랩스태이)
[2026-03-12 06:57:49] ✅ 셀록 요청 성공: coupang(유압리프트 플랩스태이)
[2026-03-12 06:57:50] ✅ 셀록 요청 성공: search(유압리프트 플랩스태이)
[2026-03-12 06:57:50] ✅ 셀록 searchAll 완료: 유압리프트 플랩스태이
[2026-03-12 06:57:50] ℹ️ 후보 추출 완료 / rawCount=40 / smart=유압자키 쟈키 작키 유압펌프 잭 리프트 자동차 타이어교체 1단 2톤 오일작기 / coupang=-
[2026-03-12 06:57:50] ⏸ 사용자 판정 대기중
[2026-03-12 06:58:02] - 셀록 검색: 유압리프트 쇼바 유압
[2026-03-12 06:58:02] ℹ️ 셀록 searchAll 시작: 유압리프트 쇼바 유압
[2026-03-12 06:58:02] ℹ️ 셀록 요청 시작: search(유압리프트 쇼바 유압)
[2026-03-12 06:58:02] ℹ️ 셀록 요청 시작: coupang(유압리프트 쇼바 유압)
[2026-03-12 06:58:03] ✅ 셀록 요청 성공: coupang(유압리프트 쇼바 유압)
[2026-03-12 06:58:04] ✅ 셀록 요청 성공: search(유압리프트 쇼바 유압)
[2026-03-12 06:58:04] ✅ 셀록 searchAll 완료: 유압리프트 쇼바 유압
[2026-03-12 06:58:04] ℹ️ 후보 추출 완료 / rawCount=40 / smart=싱크대 가스쇼바 유압리프트 실린더 캐비닛 수납장 문 고정장치 / coupang=-
[2026-03-12 06:58:04] ⏸ 사용자 판정 대기중
[2026-03-12 06:58:05] ✅ 스마트스토어 확정: 75
[2026-03-12 06:58:06] - 원스톱(JSON) 조회: no=22 / 돌다리 숄더가방 A0104돌다리
[2026-03-12 06:58:06] - 셀록 검색: 숄더가방 A0104
[2026-03-12 06:58:06] ℹ️ 셀록 searchAll 시작: 숄더가방 A0104
[2026-03-12 06:58:06] ℹ️ 셀록 요청 시작: search(숄더가방 A0104)
[2026-03-12 06:58:06] ℹ️ 셀록 요청 시작: coupang(숄더가방 A0104)
[2026-03-12 06:58:06] ✅ 셀록 요청 성공: coupang(숄더가방 A0104)
[2026-03-12 06:58:06] ✅ 셀록 요청 성공: search(숄더가방 A0104)
[2026-03-12 06:58:07] ✅ 셀록 searchAll 완료: 숄더가방 A0104
[2026-03-12 06:58:07] ℹ️ 후보 추출 완료 / rawCount=7 / smart=타포린백 부직포 장바구니 학원 가방 에코백 숄더가방 A0104 / coupang=접이식 단추 대형 쇼핑백 장바구니 숄더 가방 숄더백 대용량 판촉물 (A0104) 블루 L 1개
[2026-03-12 06:58:07] ⏸ 사용자 판정 대기중
[2026-03-12 06:58:12] ✅ 쿠팡 확정: 22
[2026-03-12 06:58:12] - 원스톱(JSON) 조회: no=56 / 핸셀 라이트스틱 A0108돌다리
[2026-03-12 06:58:12] - 셀록 검색: 라이트스틱 A0108
[2026-03-12 06:58:12] ℹ️ 셀록 searchAll 시작: 라이트스틱 A0108
[2026-03-12 06:58:12] ℹ️ 셀록 요청 시작: search(라이트스틱 A0108)
[2026-03-12 06:58:12] ℹ️ 셀록 요청 시작: coupang(라이트스틱 A0108)
[2026-03-12 06:58:13] ✅ 셀록 요청 성공: coupang(라이트스틱 A0108)
[2026-03-12 06:58:13] ✅ 셀록 요청 성공: search(라이트스틱 A0108)
[2026-03-12 06:58:13] ✅ 셀록 searchAll 완료: 라이트스틱 A0108
[2026-03-12 06:58:13] ℹ️ 후보 추출 완료 / rawCount=7 / smart=라이트스틱 야광 발광 스틱 조명 캠핑 비상 파티 공연 케미 글로우 라이트 그린 A0108 / coupang=라이트스틱 야광 발광 스틱 조명 캠핑 비상 파티 공연 케미 글로우 라이트 (A0108) 오렌지
[2026-03-12 06:58:13] ⏸ 사용자 판정 대기중
[2026-03-12 06:58:15] ✅ 스마트스토어 확정: 56
[2026-03-12 06:58:15] - 원스톱(JSON) 조회: no=80 / 돌다리 샤워캡 A0204 랜덤색상돌다리
[2026-03-12 06:58:15] - 셀록 검색: 샤워캡 A0204
[2026-03-12 06:58:15] ℹ️ 셀록 searchAll 시작: 샤워캡 A0204
[2026-03-12 06:58:15] ℹ️ 셀록 요청 시작: search(샤워캡 A0204)
[2026-03-12 06:58:15] ℹ️ 셀록 요청 시작: coupang(샤워캡 A0204)
[2026-03-12 06:58:15] ✅ 셀록 요청 성공: coupang(샤워캡 A0204)
[2026-03-12 06:58:16] ✅ 셀록 요청 성공: search(샤워캡 A0204)
[2026-03-12 06:58:16] ✅ 셀록 searchAll 완료: 샤워캡 A0204
[2026-03-12 06:58:16] ℹ️ 후보 추출 완료 / rawCount=5 / smart=방수 샤워캡 비닐 헤어 사우나 샤워모자 목욕 머리카락 세안 화장 흘러내림방지 A0204 / coupang=샤워캡 방수 목욕 세면 샤워 모자 비닐 헤어캡 미용실 욕실 샴푸캡 (A0204) 1개
[2026-03-12 06:58:16] ⏸ 사용자 판정 대기중
[2026-03-12 06:58:17] ✅ 스마트스토어 확정: 80
[2026-03-12 06:58:17] - 원스톱(JSON) 조회: no=82 / 제이브로시스 아크릴ID카드홀더 A0173돌다리
[2026-03-12 06:58:17] - 셀록 검색: 아크릴ID카드홀더 A0173
[2026-03-12 06:58:17] ℹ️ 셀록 searchAll 시작: 아크릴ID카드홀더 A0173
[2026-03-12 06:58:17] ℹ️ 셀록 요청 시작: search(아크릴ID카드홀더 A0173)
[2026-03-12 06:58:17] ℹ️ 셀록 요청 시작: coupang(아크릴ID카드홀더 A0173)
[2026-03-12 06:58:17] ✅ 셀록 요청 성공: coupang(아크릴ID카드홀더 A0173)
[2026-03-12 06:58:18] ✅ 셀록 요청 성공: search(아크릴ID카드홀더 A0173)
[2026-03-12 06:58:18] ✅ 셀록 searchAll 완료: 아크릴ID카드홀더 A0173
[2026-03-12 06:58:18] ℹ️ 후보 추출 완료 / rawCount=40 / smart=투명 아크릴 ID카드 홀더 출입증 사원증 학생증 명찰 카드케이스 커버 홀더 (A0173) / coupang=투명 하드 아크릴 직원 이름 배지 ID카드 액세스 전시 아크릴ID카드홀더 A0173
[2026-03-12 06:58:18] ⏸ 사용자 판정 대기중
[2026-03-12 06:58:20] ✅ 스마트스토어 확정: 82
[2026-03-12 06:58:20] - 원스톱(JSON) 조회: no=85 / 돌다리 자전거휠라이트 A0167돌다리
[2026-03-12 06:58:20] - 셀록 검색: 자전거휠라이트 A0167
[2026-03-12 06:58:20] ℹ️ 셀록 searchAll 시작: 자전거휠라이트 A0167
[2026-03-12 06:58:20] ℹ️ 셀록 요청 시작: search(자전거휠라이트 A0167)
[2026-03-12 06:58:20] ℹ️ 셀록 요청 시작: coupang(자전거휠라이트 A0167)
[2026-03-12 06:58:21] ✅ 셀록 요청 성공: coupang(자전거휠라이트 A0167)
[2026-03-12 06:58:22] ✅ 셀록 요청 성공: search(자전거휠라이트 A0167)
[2026-03-12 06:58:22] ✅ 셀록 searchAll 완료: 자전거휠라이트 A0167
[2026-03-12 06:58:22] ℹ️ 후보 추출 완료 / rawCount=40 / smart=자전거 LED 휠 라이트 조명 타이어 밸브 스템 림 장식 안전 램프 2P (A0167) / coupang=자전거 휠라이트 옐로우A0167 1개
[2026-03-12 06:58:22] ⏸ 사용자 판정 대기중
[2026-03-12 06:58:23] ✅ 스마트스토어 확정: 85
[2026-03-12 06:58:23] - 원스톱(JSON) 조회: no=64 / 아르미몰 에어커넥터세트 A0192 암수 세트돌다리
[2026-03-12 06:58:23] - 셀록 검색: 에어커넥터세트 A0192
[2026-03-12 06:58:23] ℹ️ 셀록 searchAll 시작: 에어커넥터세트 A0192
[2026-03-12 06:58:23] ℹ️ 셀록 요청 시작: search(에어커넥터세트 A0192)
[2026-03-12 06:58:23] ℹ️ 셀록 요청 시작: coupang(에어커넥터세트 A0192)
[2026-03-12 06:58:23] ✅ 셀록 요청 성공: coupang(에어커넥터세트 A0192)
[2026-03-12 06:58:24] ✅ 셀록 요청 성공: search(에어커넥터세트 A0192)
[2026-03-12 06:58:24] ✅ 셀록 searchAll 완료: 에어커넥터세트 A0192
[2026-03-12 06:58:24] ℹ️ 후보 추출 완료 / rawCount=4 / smart=에어 호스 커넥터 암수 세트 에어 퀵 커플러 (A0192) / coupang=원터치 에어커플러 에어 호스 커넥터 퀵 커플러 바브 노즐 암수 세트 (A0192) 1개
[2026-03-12 06:58:24] ⏸ 사용자 판정 대기중
[2026-03-12 06:58:30] ✅ 스마트스토어 확정: 64
[2026-03-12 06:58:30] - 원스톱(JSON) 조회: no=32 / 단구마켓 쥐잡이 스티커 A0138돌다리
[2026-03-12 06:58:30] - 셀록 검색: 쥐잡이 스티커 A0138
[2026-03-12 06:58:30] ℹ️ 셀록 searchAll 시작: 쥐잡이 스티커 A0138
[2026-03-12 06:58:30] ℹ️ 셀록 요청 시작: search(쥐잡이 스티커 A0138)
[2026-03-12 06:58:30] ℹ️ 셀록 요청 시작: coupang(쥐잡이 스티커 A0138)
[2026-03-12 06:58:31] ✅ 셀록 요청 성공: coupang(쥐잡이 스티커 A0138)
[2026-03-12 06:58:31] ✅ 셀록 요청 성공: search(쥐잡이 스티커 A0138)
[2026-03-12 06:58:31] ✅ 셀록 searchAll 완료: 쥐잡이 스티커 A0138
[2026-03-12 06:58:31] ℹ️ 후보 추출 완료 / rawCount=40 / smart=강력한 대형 쥐 쥐잡이 끈끈이 트랩 본드 스티커 쥐덫 간편설치 120cm (A0138) / coupang=강력한 대형 쥐 쥐잡이 끈끈이 트랩 본드 스티커 쥐덫 간편설치 120cm (A0138) 1개입 1개
[2026-03-12 06:58:31] ⏸ 사용자 판정 대기중
[2026-03-12 06:58:33] ✅ 스마트스토어 확정: 32
[2026-03-12 06:58:33] - 원스톱(JSON) 조회: no=41 / 마켓퀸즈 패브릭테이프 A0032돌다리
[2026-03-12 06:58:33] - 셀록 검색: 패브릭테이프 A0032
[2026-03-12 06:58:33] ℹ️ 셀록 searchAll 시작: 패브릭테이프 A0032
[2026-03-12 06:58:33] ℹ️ 셀록 요청 시작: search(패브릭테이프 A0032)
[2026-03-12 06:58:33] ℹ️ 셀록 요청 시작: coupang(패브릭테이프 A0032)
[2026-03-12 06:58:33] ✅ 셀록 요청 성공: coupang(패브릭테이프 A0032)
[2026-03-12 06:58:34] ✅ 셀록 요청 성공: search(패브릭테이프 A0032)
[2026-03-12 06:58:34] ✅ 셀록 searchAll 완료: 패브릭테이프 A0032
[2026-03-12 06:58:34] ℹ️ 후보 추출 완료 / rawCount=12 / smart=전선 케이블 보호 정리 내열성 접착천 패브릭 절연 테이프 A0032 / coupang=9mm 내열성 접착 천 자동차 케이블 하네스 열 테이프 A0032 패브릭테이프 9mm 1개
[2026-03-12 06:58:34] ⏸ 사용자 판정 대기중
[2026-03-12 06:58:35] ✅ 스마트스토어 확정: 41
[2026-03-12 06:58:35] - 원스톱(JSON) 조회: no=46 / 돌다리 코너 브러쉬 A0079 색상랜덤돌다리
[2026-03-12 06:58:35] - 셀록 검색: 코너 브러쉬 A0079
[2026-03-12 06:58:35] ℹ️ 셀록 searchAll 시작: 코너 브러쉬 A0079
[2026-03-12 06:58:35] ℹ️ 셀록 요청 시작: search(코너 브러쉬 A0079)
[2026-03-12 06:58:35] ℹ️ 셀록 요청 시작: coupang(코너 브러쉬 A0079)
[2026-03-12 06:58:36] ✅ 셀록 요청 성공: coupang(코너 브러쉬 A0079)
[2026-03-12 06:58:36] ✅ 셀록 요청 성공: search(코너 브러쉬 A0079)
[2026-03-12 06:58:37] ✅ 셀록 searchAll 완료: 코너 브러쉬 A0079
[2026-03-12 06:58:37] ℹ️ 후보 추출 완료 / rawCount=40 / smart=다용도 코너 세척 브러시 변기 안쪽 좁은 곳 청소 (A0079) / coupang=S-모양 화장실 벤딩 곡선 브러시 클리어 코너 청소 A0079 코너 브러쉬색상랜덤 1개
[2026-03-12 06:58:37] ⏸ 사용자 판정 대기중
[2026-03-12 06:58:38] ✅ 스마트스토어 확정: 46
[2026-03-12 06:58:38] - 원스톱(JSON) 조회: no=66 / 스마트리빙스토어 소켓아답터 A0115돌다리
[2026-03-12 06:58:38] - 셀록 검색: 소켓아답터 A0115
[2026-03-12 06:58:38] ℹ️ 셀록 searchAll 시작: 소켓아답터 A0115
[2026-03-12 06:58:38] ℹ️ 셀록 요청 시작: search(소켓아답터 A0115)
[2026-03-12 06:58:38] ℹ️ 셀록 요청 시작: coupang(소켓아답터 A0115)
[2026-03-12 06:58:38] ⚠️ 셀록 HTTP 429 / search(소켓아답터 A0115)
[2026-03-12 06:58:38] ⚠️ 응답 일부: {"message":"잠깐! 1분 동안의 검색 한도(10회)를 초과했습니다. 잠시 후에 다시 검색해 주세요."}
[2026-03-12 06:58:38] ⚠️ search(소켓아답터 A0115) 429 -> 15초 대기 후 재시도 (1/4)
[2026-03-12 06:58:38] ✅ 셀록 요청 성공: coupang(소켓아답터 A0115)
[2026-03-12 06:58:53] ℹ️ 셀록 요청 시작: search(소켓아답터 A0115)
[2026-03-12 06:58:53] ⚠️ 셀록 HTTP 429 / search(소켓아답터 A0115)
[2026-03-12 06:58:53] ⚠️ 응답 일부: {"message":"잠깐! 1분 동안의 검색 한도(10회)를 초과했습니다. 잠시 후에 다시 검색해 주세요."}
[2026-03-12 06:58:53] ⚠️ search(소켓아답터 A0115) 429 -> 30초 대기 후 재시도 (2/4)
[2026-03-12 06:59:23] ℹ️ 셀록 요청 시작: search(소켓아답터 A0115)
[2026-03-12 06:59:24] ✅ 셀록 요청 성공: search(소켓아답터 A0115)
[2026-03-12 06:59:24] ✅ 셀록 searchAll 완료: 소켓아답터 A0115
[2026-03-12 06:59:24] ℹ️ 후보 추출 완료 / rawCount=40 / smart=라쳇 컨버터 어댑터 복수알 소켓 (A0115) / coupang=육각 비트 복스알 소켓 래칫 렌치 깔깔이 스패너 어댑터 컨버터 (A0115) 1/2회전 3/8구멍 C 1개
[2026-03-12 06:59:24] ⏸ 사용자 판정 대기중
[2026-03-12 07:01:28] ✅ 쿠팡 확정: 66
[2026-03-12 07:01:28] - 원스톱(JSON) 조회: no=81 / 월드 네일버퍼 A0179돌다리
[2026-03-12 07:01:28] - 셀록 검색: 네일버퍼 A0179
[2026-03-12 07:01:28] ℹ️ 셀록 searchAll 시작: 네일버퍼 A0179
[2026-03-12 07:01:28] ℹ️ 셀록 요청 시작: search(네일버퍼 A0179)
[2026-03-12 07:01:28] ℹ️ 셀록 요청 시작: coupang(네일버퍼 A0179)
[2026-03-12 07:01:29] ✅ 셀록 요청 성공: coupang(네일버퍼 A0179)
[2026-03-12 07:01:29] ✅ 셀록 요청 성공: search(네일버퍼 A0179)
[2026-03-12 07:01:29] ✅ 셀록 searchAll 완료: 네일버퍼 A0179
[2026-03-12 07:01:29] ℹ️ 후보 추출 완료 / rawCount=40 / smart=네일 케어 버퍼 손톱 미용 기초 필수템 (A0179) / coupang=우드 네일 파일 버퍼 샌딩 아트 손톱 정리 관리샌딩 사포 (A0179) 1개
[2026-03-12 07:01:29] ⏸ 사용자 판정 대기중
[2026-03-12 07:01:32] ✅ 스마트스토어 확정: 81
[2026-03-12 07:01:32] - 원스톱(JSON) 조회: no=53 / 돌다리 물호스홀더 A0025돌다리
[2026-03-12 07:01:32] - 셀록 검색: 물호스홀더 A0025
[2026-03-12 07:01:32] ℹ️ 셀록 searchAll 시작: 물호스홀더 A0025
[2026-03-12 07:01:32] ℹ️ 셀록 요청 시작: search(물호스홀더 A0025)
[2026-03-12 07:01:32] ℹ️ 셀록 요청 시작: coupang(물호스홀더 A0025)
[2026-03-12 07:01:32] ✅ 셀록 요청 성공: coupang(물호스홀더 A0025)
[2026-03-12 07:01:33] ✅ 셀록 요청 성공: search(물호스홀더 A0025)
[2026-03-12 07:01:33] ✅ 셀록 searchAll 완료: 물호스홀더 A0025
[2026-03-12 07:01:33] ℹ️ 후보 추출 완료 / rawCount=40 / smart=물 호스 고정 홀더 수족관 물 공급 꺽임 방지 클램프 (A0025) / coupang=-
[2026-03-12 07:01:33] ⏸ 사용자 판정 대기중
[2026-03-12 07:01:34] ✅ 스마트스토어 확정: 53
[2026-03-12 07:01:34] - 원스톱(JSON) 조회: no=86 / 스마트리빙스토어 와이어키체인 A0171돌다리
[2026-03-12 07:01:34] - 셀록 검색: 와이어키체인 A0171
[2026-03-12 07:01:34] ℹ️ 셀록 searchAll 시작: 와이어키체인 A0171
[2026-03-12 07:01:34] ℹ️ 셀록 요청 시작: search(와이어키체인 A0171)
[2026-03-12 07:01:34] ℹ️ 셀록 요청 시작: coupang(와이어키체인 A0171)
[2026-03-12 07:01:35] ✅ 셀록 요청 성공: coupang(와이어키체인 A0171)
[2026-03-12 07:01:36] ✅ 셀록 요청 성공: search(와이어키체인 A0171)
[2026-03-12 07:01:36] ✅ 셀록 searchAll 완료: 와이어키체인 A0171
[2026-03-12 07:01:36] ℹ️ 후보 추출 완료 / rawCount=40 / smart=와이어 로프 탄성 릴고리 키체인 열쇠고리 사원증 출입증 분실 도난 방지 (A0171) / coupang=-
[2026-03-12 07:01:36] ⏸ 사용자 판정 대기중
[2026-03-12 07:01:37] ✅ 스마트스토어 확정: 86
[2026-03-12 07:01:37] - 원스톱(JSON) 조회: no=35 / 브라운마켓 창문컵홀더 A0119돌다리
[2026-03-12 07:01:37] - 셀록 검색: 창문컵홀더 A0119
[2026-03-12 07:01:37] ℹ️ 셀록 searchAll 시작: 창문컵홀더 A0119
[2026-03-12 07:01:37] ℹ️ 셀록 요청 시작: search(창문컵홀더 A0119)
[2026-03-12 07:01:37] ℹ️ 셀록 요청 시작: coupang(창문컵홀더 A0119)
[2026-03-12 07:01:37] ✅ 셀록 요청 성공: coupang(창문컵홀더 A0119)
[2026-03-12 07:01:38] ✅ 셀록 요청 성공: search(창문컵홀더 A0119)
[2026-03-12 07:01:38] ✅ 셀록 searchAll 완료: 창문컵홀더 A0119
[2026-03-12 07:01:38] ℹ️ 후보 추출 완료 / rawCount=40 / smart=차량용 컵홀더 창문 유리 틈새 자동차 걸이식 물병 텀블러 후크 홀더 (A0119) / coupang=-
[2026-03-12 07:01:38] ⏸ 사용자 판정 대기중
[2026-03-12 07:01:39] ✅ 스마트스토어 확정: 35
[2026-03-12 07:01:39] - 원스톱(JSON) 조회: no=52 / 돌다리 실리콘 귀덮개 A0028돌다리
[2026-03-12 07:01:39] - 셀록 검색: 실리콘 귀덮개 A0028
[2026-03-12 07:01:39] ℹ️ 셀록 searchAll 시작: 실리콘 귀덮개 A0028
[2026-03-12 07:01:39] ℹ️ 셀록 요청 시작: search(실리콘 귀덮개 A0028)
[2026-03-12 07:01:39] ℹ️ 셀록 요청 시작: coupang(실리콘 귀덮개 A0028)
[2026-03-12 07:01:40] ✅ 셀록 요청 성공: coupang(실리콘 귀덮개 A0028)
[2026-03-12 07:01:41] ✅ 셀록 요청 성공: search(실리콘 귀덮개 A0028)
[2026-03-12 07:01:41] ✅ 셀록 searchAll 완료: 실리콘 귀덮개 A0028
[2026-03-12 07:01:41] ℹ️ 후보 추출 완료 / rawCount=40 / smart=염색 이어캡 파마 미용실 실리콘 귀덮개 귀마개 귀커버 도구 (A0028) / coupang=FizzMint 수면 소음 차단 이어플러그 귀마개 전용케이스증정
[2026-03-12 07:01:41] ⏸ 사용자 판정 대기중
[2026-03-12 07:01:44] ✅ 스마트스토어 확정: 52
[2026-03-12 07:01:44] - 원스톱(JSON) 조회: no=79 / 단구마켓 브레이크커버 A0136돌다리
[2026-03-12 07:01:44] - 셀록 검색: 브레이크커버 A0136
[2026-03-12 07:01:44] ℹ️ 셀록 searchAll 시작: 브레이크커버 A0136
[2026-03-12 07:01:44] ℹ️ 셀록 요청 시작: search(브레이크커버 A0136)
[2026-03-12 07:01:44] ℹ️ 셀록 요청 시작: coupang(브레이크커버 A0136)
[2026-03-12 07:01:44] ✅ 셀록 요청 성공: coupang(브레이크커버 A0136)
[2026-03-12 07:01:45] ✅ 셀록 요청 성공: search(브레이크커버 A0136)
[2026-03-12 07:01:45] ✅ 셀록 searchAll 완료: 브레이크커버 A0136
[2026-03-12 07:01:45] ℹ️ 후보 추출 완료 / rawCount=40 / smart=1:1 맞춤 제작형 4p,6p 브레이크 캘리퍼 커버 도색 소형 전륜세트(2개) / coupang=-
[2026-03-12 07:01:45] ⏸ 사용자 판정 대기중
[2026-03-12 07:01:57] - 셀록 검색: 브레이크커버
[2026-03-12 07:01:57] ℹ️ 셀록 searchAll 시작: 브레이크커버
[2026-03-12 07:01:57] ℹ️ 셀록 요청 시작: search(브레이크커버)
[2026-03-12 07:01:57] ℹ️ 셀록 요청 시작: coupang(브레이크커버)
[2026-03-12 07:01:58] ✅ 셀록 요청 성공: coupang(브레이크커버)
[2026-03-12 07:01:59] ✅ 셀록 요청 성공: search(브레이크커버)
[2026-03-12 07:01:59] ✅ 셀록 searchAll 완료: 브레이크커버
[2026-03-12 07:01:59] ℹ️ 후보 추출 완료 / rawCount=40 / smart=1:1 맞춤 제작형 4p,6p 브레이크 캘리퍼 커버 도색 소형 전륜세트(2개) / coupang=-
[2026-03-12 07:01:59] ⏸ 사용자 판정 대기중
[2026-03-12 07:02:04] - 셀록 검색: 자전거 브레이크 커버
[2026-03-12 07:02:04] ℹ️ 셀록 searchAll 시작: 자전거 브레이크 커버
[2026-03-12 07:02:04] ℹ️ 셀록 요청 시작: search(자전거 브레이크 커버)
[2026-03-12 07:02:04] ℹ️ 셀록 요청 시작: coupang(자전거 브레이크 커버)
[2026-03-12 07:02:05] ✅ 셀록 요청 성공: coupang(자전거 브레이크 커버)
[2026-03-12 07:02:05] ✅ 셀록 요청 성공: search(자전거 브레이크 커버)
[2026-03-12 07:02:05] ✅ 셀록 searchAll 완료: 자전거 브레이크 커버
[2026-03-12 07:02:05] ℹ️ 후보 추출 완료 / rawCount=40 / smart=자전거 브레이크레버 스크래치방지 실리콘 보호 커버 (2개세트) / coupang=-
[2026-03-12 07:02:05] ⏸ 사용자 판정 대기중
[2026-03-12 07:02:08] ✅ 스마트스토어 확정: 79
[2026-03-12 07:02:08] - 원스톱(JSON) 조회: no=65 / 스마트리빙스토어 방수실리콘테이프 A0177 1.5m돌다리
[2026-03-12 07:02:08] - 셀록 검색: 방수실리콘테이프 A0177
[2026-03-12 07:02:08] ℹ️ 셀록 searchAll 시작: 방수실리콘테이프 A0177
[2026-03-12 07:02:08] ℹ️ 셀록 요청 시작: search(방수실리콘테이프 A0177)
[2026-03-12 07:02:08] ℹ️ 셀록 요청 시작: coupang(방수실리콘테이프 A0177)
[2026-03-12 07:02:08] ✅ 셀록 요청 성공: coupang(방수실리콘테이프 A0177)
[2026-03-12 07:02:09] ✅ 셀록 요청 성공: search(방수실리콘테이프 A0177)
[2026-03-12 07:02:09] ✅ 셀록 searchAll 완료: 방수실리콘테이프 A0177
[2026-03-12 07:02:09] ℹ️ 후보 추출 완료 / rawCount=40 / smart=방수 실리콘테이프 배관 파이프 호스 누수 차단 보수 절연 내열 테이프 (A0177) / coupang=-
[2026-03-12 07:02:09] ⏸ 사용자 판정 대기중
[2026-03-12 07:02:10] ✅ 스마트스토어 확정: 65
[2026-03-12 07:02:10] - 원스톱(JSON) 조회: no=39 / 단구마켓 머플러팁 A0072돌다리
[2026-03-12 07:02:10] - 셀록 검색: 머플러팁 A0072
[2026-03-12 07:02:10] ℹ️ 셀록 searchAll 시작: 머플러팁 A0072
[2026-03-12 07:02:10] ℹ️ 셀록 요청 시작: search(머플러팁 A0072)
[2026-03-12 07:02:10] ℹ️ 셀록 요청 시작: coupang(머플러팁 A0072)
[2026-03-12 07:02:11] ✅ 셀록 요청 성공: coupang(머플러팁 A0072)
[2026-03-12 07:02:11] ✅ 셀록 요청 성공: search(머플러팁 A0072)
[2026-03-12 07:02:11] ✅ 셀록 searchAll 완료: 머플러팁 A0072
[2026-03-12 07:02:11] ℹ️ 후보 추출 완료 / rawCount=40 / smart=자동차 배기구 크롬 도금 스테인레스 머플러 팁 차량 드레스 업 악세사리 (A0072) / coupang=-
[2026-03-12 07:02:11] ⏸ 사용자 판정 대기중
[2026-03-12 07:02:12] ✅ 스마트스토어 확정: 39
[2026-03-12 07:02:12] - 원스톱(JSON) 조회: no=71 / 브라운마켓 usb-C타입커넥터 A0199돌다리
[2026-03-12 07:02:12] - 셀록 검색: usb-C타입커넥터 A0199
[2026-03-12 07:02:12] ℹ️ 셀록 searchAll 시작: usb-C타입커넥터 A0199
[2026-03-12 07:02:12] ℹ️ 셀록 요청 시작: search(usb-C타입커넥터 A0199)
[2026-03-12 07:02:12] ℹ️ 셀록 요청 시작: coupang(usb-C타입커넥터 A0199)
[2026-03-12 07:02:12] ⚠️ 셀록 HTTP 429 / search(usb-C타입커넥터 A0199)
[2026-03-12 07:02:12] ⚠️ 응답 일부: {"message":"잠깐! 1분 동안의 검색 한도(10회)를 초과했습니다. 잠시 후에 다시 검색해 주세요."}
[2026-03-12 07:02:12] ⚠️ search(usb-C타입커넥터 A0199) 429 -> 15초 대기 후 재시도 (1/4)
[2026-03-12 07:02:13] ✅ 셀록 요청 성공: coupang(usb-C타입커넥터 A0199)
[2026-03-12 07:02:27] ℹ️ 셀록 요청 시작: search(usb-C타입커넥터 A0199)
[2026-03-12 07:02:28] ⚠️ 셀록 HTTP 429 / search(usb-C타입커넥터 A0199)
[2026-03-12 07:02:28] ⚠️ 응답 일부: {"message":"잠깐! 1분 동안의 검색 한도(10회)를 초과했습니다. 잠시 후에 다시 검색해 주세요."}
[2026-03-12 07:02:28] ⚠️ search(usb-C타입커넥터 A0199) 429 -> 30초 대기 후 재시도 (2/4)
[2026-03-12 07:02:58] ℹ️ 셀록 요청 시작: search(usb-C타입커넥터 A0199)
[2026-03-12 07:02:59] ✅ 셀록 요청 성공: search(usb-C타입커넥터 A0199)
[2026-03-12 07:02:59] ✅ 셀록 searchAll 완료: usb-C타입커넥터 A0199
[2026-03-12 07:02:59] ℹ️ 후보 추출 완료 / rawCount=40 / smart=USB C타입 to A 변환 어댑터 노트북 핸드폰 충전 데이터 젠더 케이블 (A0199) / coupang=-
[2026-03-12 07:02:59] ⏸ 사용자 판정 대기중
[2026-03-12 08:00:22] 🚀 작업 시작 / 총 79건
[2026-03-12 08:00:22] ℹ️ 원스톱 JSON 사용: E:\dev\onestop-sello-app\data\onestop_products.json
[2026-03-12 08:00:22] ℹ️ 범위 기준 상품번호 시작: 61
[2026-03-12 08:00:22] - 원스톱(JSON) 조회: no=61 / 제이브로시스 케이블라벨 A0182돌다리
[2026-03-12 08:00:22] - 셀록 검색: 케이블라벨 A0182
[2026-03-12 08:00:22] ℹ️ 셀록 searchAll 시작: 케이블라벨 A0182
[2026-03-12 08:00:22] ℹ️ 셀록 요청 시작: search(케이블라벨 A0182)
[2026-03-12 08:00:22] ℹ️ 셀록 요청 시작: coupang(케이블라벨 A0182)
[2026-03-12 08:00:22] ✅ 셀록 요청 성공: coupang(케이블라벨 A0182)
[2026-03-12 08:00:23] ✅ 셀록 요청 성공: search(케이블라벨 A0182)
[2026-03-12 08:00:23] ✅ 셀록 searchAll 완료: 케이블라벨 A0182
[2026-03-12 08:00:23] ℹ️ 후보 추출 완료 / rawCount=40 / smart=케이블 라벨 강력한 접착 실내 야외 라벨링 네입 택(A0182) / coupang=케이블 선 정리 관리 라벨 스티커 네임 분류 구분 식별 텍 태그 마커 방수 (A0182) 화이트
[2026-03-12 08:00:23] ⏸ 사용자 판정 대기중
[2026-03-12 08:00:25] ✅ 스마트스토어 확정: 61
[2026-03-12 08:00:25] - 원스톱(JSON) 조회: no=58 / 마켓퀸즈 608ZZ 볼베어링 A0178돌다리
[2026-03-12 08:00:25] - 셀록 검색: 608ZZ 볼베어링 A0178
[2026-03-12 08:00:25] ℹ️ 셀록 searchAll 시작: 608ZZ 볼베어링 A0178
[2026-03-12 08:00:25] ℹ️ 셀록 요청 시작: search(608ZZ 볼베어링 A0178)
[2026-03-12 08:00:25] ℹ️ 셀록 요청 시작: coupang(608ZZ 볼베어링 A0178)
[2026-03-12 08:00:25] ✅ 셀록 요청 성공: coupang(608ZZ 볼베어링 A0178)
[2026-03-12 08:00:26] ✅ 셀록 요청 성공: search(608ZZ 볼베어링 A0178)
[2026-03-12 08:00:26] ✅ 셀록 searchAll 완료: 608ZZ 볼베어링 A0178
[2026-03-12 08:00:26] ℹ️ 후보 추출 완료 / rawCount=40 / smart=BWX 볼베어링 608ZZ 양쪽 철커버 소형 베어링 드론 RC카 608Z / coupang=-
[2026-03-12 08:00:26] ⏸ 사용자 판정 대기중
[2026-03-12 08:00:30] ⏭ 패스: 58 / 아무런 이미지가 안나옴
[2026-03-12 08:00:30] - 원스톱(JSON) 조회: no=34 / 돌다리 편지오프너 A0122 색상랜덤돌다리
[2026-03-12 08:00:30] - 셀록 검색: 편지오프너 A0122
[2026-03-12 08:00:30] ℹ️ 셀록 searchAll 시작: 편지오프너 A0122
[2026-03-12 08:00:30] ℹ️ 셀록 요청 시작: search(편지오프너 A0122)
[2026-03-12 08:00:30] ℹ️ 셀록 요청 시작: coupang(편지오프너 A0122)
[2026-03-12 08:00:30] ✅ 셀록 요청 성공: coupang(편지오프너 A0122)
[2026-03-12 08:00:31] ✅ 셀록 요청 성공: search(편지오프너 A0122)
[2026-03-12 08:00:31] ✅ 셀록 searchAll 완료: 편지오프너 A0122
[2026-03-12 08:00:31] ℹ️ 후보 추출 완료 / rawCount=40 / smart=미니 레터 편지 오프너 봉투 박스 로프 와이어 커터 칼 나이프 사무용품 (A0122) / coupang=미니 레터 편지 오프너 봉투 박스 로프 와이어 커터 칼 나이프 사무용품 (A0122)
[2026-03-12 08:00:31] ⏸ 사용자 판정 대기중
[2026-03-12 08:00:32] ✅ 스마트스토어 확정: 34
[2026-03-12 08:00:32] - 원스톱(JSON) 조회: no=40 / 빵구몰 케이블 A0048돌다리
[2026-03-12 08:00:32] - 셀록 검색: 케이블 A0048
[2026-03-12 08:00:32] ℹ️ 셀록 searchAll 시작: 케이블 A0048
[2026-03-12 08:00:32] ℹ️ 셀록 요청 시작: search(케이블 A0048)
[2026-03-12 08:00:32] ℹ️ 셀록 요청 시작: coupang(케이블 A0048)
[2026-03-12 08:00:33] ✅ 셀록 요청 성공: coupang(케이블 A0048)
[2026-03-12 08:00:33] ✅ 셀록 요청 성공: search(케이블 A0048)
[2026-03-12 08:00:33] ✅ 셀록 searchAll 완료: 케이블 A0048
[2026-03-12 08:00:33] ℹ️ 후보 추출 완료 / rawCount=18 / smart=배터리 밸런스 케이블 커넥터 RC LIPO 배터리 충전용 4구 5구 6구 (A0048) / coupang=HP 노트북 파빌리온 게이밍 16-A0048tx 19.5V 10.3A 200W(4.5X3.0 pin) 블루팁 전원 어댑터 충전기 HP 200W 블루팁 + PC 케이블 1개
[2026-03-12 08:00:33] ⏸ 사용자 판정 대기중
[2026-03-12 08:00:33] ✅ 스마트스토어 확정: 40
[2026-03-12 08:00:33] - 원스톱(JSON) 조회: no=29 / 돌다리 카드홀더 A0159돌다리
[2026-03-12 08:00:33] - 셀록 검색: 카드홀더 A0159
[2026-03-12 08:00:33] ℹ️ 셀록 searchAll 시작: 카드홀더 A0159
[2026-03-12 08:00:34] ℹ️ 셀록 요청 시작: search(카드홀더 A0159)
[2026-03-12 08:00:34] ℹ️ 셀록 요청 시작: coupang(카드홀더 A0159)
[2026-03-12 08:00:34] ✅ 셀록 요청 성공: coupang(카드홀더 A0159)
[2026-03-12 08:00:34] ✅ 셀록 요청 성공: search(카드홀더 A0159)
[2026-03-12 08:00:34] ✅ 셀록 searchAll 완료: 카드홀더 A0159
[2026-03-12 08:00:34] ℹ️ 후보 추출 완료 / rawCount=40 / smart=사원증 여행용 캐리어 인식표 신용카드 명함 다용도 홀더 (A0159) / coupang=PU 가죽 ID배지 케이스 투명 컬러 테두리 카드 11x7cm 카드홀더 A0159 옐로우
[2026-03-12 08:00:34] ⏸ 사용자 판정 대기중
[2026-03-12 08:00:35] ✅ 스마트스토어 확정: 29
[2026-03-12 08:00:35] - 원스톱(JSON) 조회: no=70 / 에스엘몰 베어링 A0083 1PCS돌다리
[2026-03-12 08:00:35] - 셀록 검색: 베어링 A0083
[2026-03-12 08:00:35] ℹ️ 셀록 searchAll 시작: 베어링 A0083
[2026-03-12 08:00:35] ℹ️ 셀록 요청 시작: search(베어링 A0083)
[2026-03-12 08:00:35] ℹ️ 셀록 요청 시작: coupang(베어링 A0083)
[2026-03-12 08:00:35] ✅ 셀록 요청 성공: coupang(베어링 A0083)
[2026-03-12 08:00:35] ✅ 셀록 요청 성공: search(베어링 A0083)
[2026-03-12 08:00:35] ✅ 셀록 searchAll 완료: 베어링 A0083
[2026-03-12 08:00:35] ℹ️ 후보 추출 완료 / rawCount=5 / smart=인라인 롤러 스케이트 베어링 (A0083) / coupang=608RS 베어링 인라인 스케이트 보드 휠베어링 롤러 ABEC5 ABEC7 (A0083) 1개
[2026-03-12 08:00:35] ⏸ 사용자 판정 대기중
[2026-03-12 08:00:36] ✅ 스마트스토어 확정: 70
[2026-03-12 08:00:36] - 원스톱(JSON) 조회: no=37 / 브라운마켓 손목끈 A0140돌다리
[2026-03-12 08:00:36] - 셀록 검색: 손목끈 A0140
[2026-03-12 08:00:36] ℹ️ 셀록 searchAll 시작: 손목끈 A0140
[2026-03-12 08:00:36] ℹ️ 셀록 요청 시작: search(손목끈 A0140)
[2026-03-12 08:00:36] ℹ️ 셀록 요청 시작: coupang(손목끈 A0140)
[2026-03-12 08:00:36] ✅ 셀록 요청 성공: coupang(손목끈 A0140)
[2026-03-12 08:00:37] ✅ 셀록 요청 성공: search(손목끈 A0140)
[2026-03-12 08:00:37] ✅ 셀록 searchAll 완료: 손목끈 A0140
[2026-03-12 08:00:37] ℹ️ 후보 추출 완료 / rawCount=40 / smart=조절식 다용도 손목 끈 스트랩 핸드폰 카메라 리모컨 홀더 줄 걸이 분실방지 (A0140) / coupang=-
[2026-03-12 08:00:37] ⏸ 사용자 판정 대기중
[2026-03-12 08:00:38] ✅ 스마트스토어 확정: 37
[2026-03-12 08:00:38] - 원스톱(JSON) 조회: no=99 / 돌다리 엔틱 코너 C A0286돌다리
[2026-03-12 08:00:38] - 셀록 검색: 엔틱 코너 C A0286
[2026-03-12 08:00:38] ℹ️ 셀록 searchAll 시작: 엔틱 코너 C A0286
[2026-03-12 08:00:38] ℹ️ 셀록 요청 시작: search(엔틱 코너 C A0286)
[2026-03-12 08:00:38] ℹ️ 셀록 요청 시작: coupang(엔틱 코너 C A0286)
[2026-03-12 08:00:38] ✅ 셀록 요청 성공: coupang(엔틱 코너 C A0286)
[2026-03-12 08:00:38] ✅ 셀록 요청 성공: search(엔틱 코너 C A0286)
[2026-03-12 08:00:38] ✅ 셀록 searchAll 완료: 엔틱 코너 C A0286
[2026-03-12 08:00:38] ℹ️ 후보 추출 완료 / rawCount=40 / smart=앤틱 코너장식 모서리장식 가구 보관함 빈티지 청동 포인트 장식 1P (CA0286) / coupang=-
[2026-03-12 08:00:38] ⏸ 사용자 판정 대기중
[2026-03-12 08:00:39] ✅ 스마트스토어 확정: 99
[2026-03-12 08:00:39] - 원스톱(JSON) 조회: no=21 / 돌다리 벽걸이 A0103돌다리
[2026-03-12 08:00:39] - 셀록 검색: 벽걸이 A0103
[2026-03-12 08:00:39] ℹ️ 셀록 searchAll 시작: 벽걸이 A0103
[2026-03-12 08:00:39] ℹ️ 셀록 요청 시작: search(벽걸이 A0103)
[2026-03-12 08:00:39] ℹ️ 셀록 요청 시작: coupang(벽걸이 A0103)
[2026-03-12 08:00:39] ✅ 셀록 요청 성공: coupang(벽걸이 A0103)
[2026-03-12 08:00:39] ✅ 셀록 요청 성공: search(벽걸이 A0103)
[2026-03-12 08:00:39] ✅ 셀록 searchAll 완료: 벽걸이 A0103
[2026-03-12 08:00:39] ℹ️ 후보 추출 완료 / rawCount=3 / smart=무타공 초강력 접착 고리 후크 벽걸이 (A0103) / coupang=북유럽 감성 온습도 벽시계 인테리어 20인치 이상 A0103
[2026-03-12 08:00:39] ⏸ 사용자 판정 대기중
[2026-03-12 08:00:40] ✅ 스마트스토어 확정: 21
[2026-03-12 08:00:40] - 원스톱(JSON) 조회: no=45 / 단구마켓 금속판 A0068돌다리
[2026-03-12 08:00:40] - 셀록 검색: 금속판 A0068
[2026-03-12 08:00:40] ℹ️ 셀록 searchAll 시작: 금속판 A0068
[2026-03-12 08:00:40] ℹ️ 셀록 요청 시작: search(금속판 A0068)
[2026-03-12 08:00:40] ℹ️ 셀록 요청 시작: coupang(금속판 A0068)
[2026-03-12 08:00:41] ✅ 셀록 요청 성공: coupang(금속판 A0068)
[2026-03-12 08:00:41] ✅ 셀록 요청 성공: search(금속판 A0068)
[2026-03-12 08:00:41] ✅ 셀록 searchAll 완료: 금속판 A0068
[2026-03-12 08:00:41] ℹ️ 후보 추출 완료 / rawCount=1 / smart=금속판 자석 휴대폰 거치대 스탠드 보조 스티커 핸드폰 부착 홀더 (A0068) / coupang=-
[2026-03-12 08:00:41] ⏸ 사용자 판정 대기중
[2026-03-12 08:00:42] ✅ 스마트스토어 확정: 45
[2026-03-12 08:00:42] - 원스톱(JSON) 조회: no=73 / 빵구몰 호스커터 A0205돌다리
[2026-03-12 08:00:42] - 셀록 검색: 호스커터 A0205
[2026-03-12 08:00:42] ℹ️ 셀록 searchAll 시작: 호스커터 A0205
[2026-03-12 08:00:42] ℹ️ 셀록 요청 시작: search(호스커터 A0205)
[2026-03-12 08:00:42] ℹ️ 셀록 요청 시작: coupang(호스커터 A0205)
[2026-03-12 08:00:42] ⚠️ 셀록 HTTP 429 / search(호스커터 A0205)
[2026-03-12 08:00:42] ⚠️ 응답 일부: {"message":"잠깐! 1분 동안의 검색 한도(10회)를 초과했습니다. 잠시 후에 다시 검색해 주세요."}
[2026-03-12 08:00:42] ⚠️ search(호스커터 A0205) 429 -> 15초 대기 후 재시도 (1/4)
[2026-03-12 08:00:43] ✅ 셀록 요청 성공: coupang(호스커터 A0205)
[2026-03-12 08:00:57] ℹ️ 셀록 요청 시작: search(호스커터 A0205)
[2026-03-12 08:00:57] ⚠️ 셀록 HTTP 429 / search(호스커터 A0205)
[2026-03-12 08:00:57] ⚠️ 응답 일부: {"message":"잠깐! 1분 동안의 검색 한도(10회)를 초과했습니다. 잠시 후에 다시 검색해 주세요."}
[2026-03-12 08:00:57] ⚠️ search(호스커터 A0205) 429 -> 30초 대기 후 재시도 (2/4)
[2026-03-12 08:01:27] ℹ️ 셀록 요청 시작: search(호스커터 A0205)
[2026-03-12 08:01:28] ✅ 셀록 요청 성공: search(호스커터 A0205)
[2026-03-12 08:01:28] ✅ 셀록 searchAll 완료: 호스커터 A0205
[2026-03-12 08:01:28] ℹ️ 후보 추출 완료 / rawCount=40 / smart=호스커터 정수기 고무 호스 튜브 커터 절단기 컷팅기 가위 (A0205) / coupang=PVC PU PE 튜브 파이프 호스 커터 가위 절단 커팅 툴 호스커터 A0205 1개
[2026-03-12 08:01:28] ⏸ 사용자 판정 대기중
[2026-03-12 08:15:26] ✅ 스마트스토어 확정: 73
[2026-03-12 08:15:26] - 원스톱(JSON) 조회: no=75 / 단구마켓 유압리프트 A0210돌다리
[2026-03-12 08:15:26] - 셀록 검색: 유압리프트 A0210
[2026-03-12 08:15:26] ℹ️ 셀록 searchAll 시작: 유압리프트 A0210
[2026-03-12 08:15:26] ℹ️ 셀록 요청 시작: search(유압리프트 A0210)
[2026-03-12 08:15:26] ℹ️ 셀록 요청 시작: coupang(유압리프트 A0210)
[2026-03-12 08:15:26] ✅ 셀록 요청 성공: coupang(유압리프트 A0210)
[2026-03-12 08:15:26] ✅ 셀록 요청 성공: search(유압리프트 A0210)
[2026-03-12 08:15:26] ✅ 셀록 searchAll 완료: 유압리프트 A0210
[2026-03-12 08:15:26] ℹ️ 후보 추출 완료 / rawCount=40 / smart=쌍용리프트 이동식 수동 유압 운반 테이블 리프트 트럭 SYP-150 / coupang=엠클립스 유압 리프트 쟈키 2T 1개
[2026-03-12 08:15:26] ⏸ 사용자 판정 대기중
[2026-03-12 08:15:29] ⏭ 패스: 75 / 아무런 이미지가 안나옴
[2026-03-12 08:15:29] - 원스톱(JSON) 조회: no=22 / 돌다리 숄더가방 A0104돌다리
[2026-03-12 08:15:30] - 셀록 검색: 숄더가방 A0104
[2026-03-12 08:15:30] ℹ️ 셀록 searchAll 시작: 숄더가방 A0104
[2026-03-12 08:15:30] ℹ️ 셀록 요청 시작: search(숄더가방 A0104)
[2026-03-12 08:15:30] ℹ️ 셀록 요청 시작: coupang(숄더가방 A0104)
[2026-03-12 08:15:30] ✅ 셀록 요청 성공: coupang(숄더가방 A0104)
[2026-03-12 08:15:30] ✅ 셀록 요청 성공: search(숄더가방 A0104)
[2026-03-12 08:15:30] ✅ 셀록 searchAll 완료: 숄더가방 A0104
[2026-03-12 08:15:30] ℹ️ 후보 추출 완료 / rawCount=7 / smart=타포린백 부직포 장바구니 학원 가방 에코백 숄더가방 A0104 / coupang=접이식 단추 대형 쇼핑백 장바구니 숄더 가방 숄더백 대용량 판촉물 (A0104) 블루 L 1개
[2026-03-12 08:15:30] ⏸ 사용자 판정 대기중
[2026-03-12 08:15:33] ✅ 쿠팡 확정: 22
[2026-03-12 08:15:33] - 원스톱(JSON) 조회: no=56 / 핸셀 라이트스틱 A0108돌다리
[2026-03-12 08:15:33] - 셀록 검색: 라이트스틱 A0108
[2026-03-12 08:15:33] ℹ️ 셀록 searchAll 시작: 라이트스틱 A0108
[2026-03-12 08:15:33] ℹ️ 셀록 요청 시작: search(라이트스틱 A0108)
[2026-03-12 08:15:33] ℹ️ 셀록 요청 시작: coupang(라이트스틱 A0108)
[2026-03-12 08:15:33] ✅ 셀록 요청 성공: coupang(라이트스틱 A0108)
[2026-03-12 08:15:33] ✅ 셀록 요청 성공: search(라이트스틱 A0108)
[2026-03-12 08:15:33] ✅ 셀록 searchAll 완료: 라이트스틱 A0108
[2026-03-12 08:15:33] ℹ️ 후보 추출 완료 / rawCount=7 / smart=라이트스틱 야광 발광 스틱 조명 캠핑 비상 파티 공연 케미 글로우 라이트 그린 A0108 / coupang=라이트스틱 야광 발광 스틱 조명 캠핑 비상 파티 공연 케미 글로우 라이트 (A0108) 화이트
[2026-03-12 08:15:33] ⏸ 사용자 판정 대기중
[2026-03-12 08:15:35] ✅ 스마트스토어 확정: 56
[2026-03-12 08:15:35] - 원스톱(JSON) 조회: no=80 / 돌다리 샤워캡 A0204 랜덤색상돌다리
[2026-03-12 08:15:35] - 셀록 검색: 샤워캡 A0204
[2026-03-12 08:15:35] ℹ️ 셀록 searchAll 시작: 샤워캡 A0204
[2026-03-12 08:15:35] ℹ️ 셀록 요청 시작: search(샤워캡 A0204)
[2026-03-12 08:15:35] ℹ️ 셀록 요청 시작: coupang(샤워캡 A0204)
[2026-03-12 08:15:35] ✅ 셀록 요청 성공: search(샤워캡 A0204)
[2026-03-12 08:15:35] ✅ 셀록 요청 성공: coupang(샤워캡 A0204)
[2026-03-12 08:15:35] ✅ 셀록 searchAll 완료: 샤워캡 A0204
[2026-03-12 08:15:35] ℹ️ 후보 추출 완료 / rawCount=5 / smart=방수 샤워캡 비닐 헤어 사우나 샤워모자 목욕 머리카락 세안 화장 흘러내림방지 A0204 / coupang=샤워캡 방수 목욕 세면 샤워 모자 비닐 헤어캡 미용실 욕실 샴푸캡 (A0204) 1개
[2026-03-12 08:15:35] ⏸ 사용자 판정 대기중
[2026-03-12 08:15:36] ✅ 스마트스토어 확정: 80
[2026-03-12 08:15:36] - 원스톱(JSON) 조회: no=82 / 제이브로시스 아크릴ID카드홀더 A0173돌다리
[2026-03-12 08:15:36] - 셀록 검색: 아크릴ID카드홀더 A0173
[2026-03-12 08:15:36] ℹ️ 셀록 searchAll 시작: 아크릴ID카드홀더 A0173
[2026-03-12 08:15:36] ℹ️ 셀록 요청 시작: search(아크릴ID카드홀더 A0173)
[2026-03-12 08:15:36] ℹ️ 셀록 요청 시작: coupang(아크릴ID카드홀더 A0173)
[2026-03-12 08:15:37] ✅ 셀록 요청 성공: coupang(아크릴ID카드홀더 A0173)
[2026-03-12 08:15:37] ✅ 셀록 요청 성공: search(아크릴ID카드홀더 A0173)
[2026-03-12 08:15:37] ✅ 셀록 searchAll 완료: 아크릴ID카드홀더 A0173
[2026-03-12 08:15:37] ℹ️ 후보 추출 완료 / rawCount=40 / smart=투명 아크릴 ID카드 홀더 출입증 사원증 학생증 명찰 카드케이스 커버 홀더 (A0173) / coupang=투명 하드 아크릴 직원 이름 배지 ID카드 액세스 전시 아크릴ID카드홀더 A0173
[2026-03-12 08:15:37] ⏸ 사용자 판정 대기중
[2026-03-12 08:15:38] ✅ 스마트스토어 확정: 82
[2026-03-12 08:15:38] - 원스톱(JSON) 조회: no=85 / 돌다리 자전거휠라이트 A0167돌다리
[2026-03-12 08:15:38] - 셀록 검색: 자전거휠라이트 A0167
[2026-03-12 08:15:38] ℹ️ 셀록 searchAll 시작: 자전거휠라이트 A0167
[2026-03-12 08:15:38] ℹ️ 셀록 요청 시작: search(자전거휠라이트 A0167)
[2026-03-12 08:15:38] ℹ️ 셀록 요청 시작: coupang(자전거휠라이트 A0167)
[2026-03-12 08:15:38] ✅ 셀록 요청 성공: coupang(자전거휠라이트 A0167)
[2026-03-12 08:15:38] ✅ 셀록 요청 성공: search(자전거휠라이트 A0167)
[2026-03-12 08:15:38] ✅ 셀록 searchAll 완료: 자전거휠라이트 A0167
[2026-03-12 08:15:38] ℹ️ 후보 추출 완료 / rawCount=40 / smart=자전거 LED 휠 라이트 조명 타이어 밸브 스템 림 장식 안전 램프 2P (A0167) / coupang=자전거 휠라이트 옐로우A0167 1개
[2026-03-12 08:15:38] ⏸ 사용자 판정 대기중
[2026-03-13 06:50:19] 🚀 작업 시작 / 총 101건
[2026-03-13 06:50:19] ℹ️ 원스톱 JSON 사용: E:\dev\onestop-sello-app\data\onestop_products.json
[2026-03-13 06:50:19] ℹ️ 범위 기준 상품번호 시작: 61
[2026-03-13 06:50:19] - 원스톱(JSON) 조회: no=61 / 제이브로시스 케이블라벨 A0182돌다리
[2026-03-13 06:50:19] - 셀록 검색: 케이블라벨 A0182
[2026-03-13 06:50:19] ℹ️ 셀록 searchAll 시작: 케이블라벨 A0182
[2026-03-13 06:50:19] ℹ️ 셀록 요청 시작: search(케이블라벨 A0182)
[2026-03-13 06:50:19] ℹ️ 셀록 요청 시작: coupang(케이블라벨 A0182)
[2026-03-13 06:50:20] ✅ 셀록 요청 성공: coupang(케이블라벨 A0182)
[2026-03-13 06:50:20] ✅ 셀록 요청 성공: search(케이블라벨 A0182)
[2026-03-13 06:50:20] ✅ 셀록 searchAll 완료: 케이블라벨 A0182
[2026-03-13 06:50:20] ℹ️ 후보 추출 완료 / rawCount=40 / smart=케이블 라벨 강력한 접착 실내 야외 라벨링 네입 택(A0182) / coupang=케이블 선 정리 관리 라벨 스티커 네임 분류 구분 식별 텍 태그 마커 방수 (A0182) 화이트
[2026-03-13 06:50:20] ⏸ 사용자 판정 대기중
[2026-03-13 06:50:38] ✅ 스마트스토어 확정: 61
[2026-03-13 06:50:38] - 원스톱(JSON) 조회: no=58 / 마켓퀸즈 608ZZ 볼베어링 A0178돌다리
[2026-03-13 06:50:38] - 셀록 검색: 608ZZ 볼베어링 A0178
[2026-03-13 06:50:38] ℹ️ 셀록 searchAll 시작: 608ZZ 볼베어링 A0178
[2026-03-13 06:50:38] ℹ️ 셀록 요청 시작: search(608ZZ 볼베어링 A0178)
[2026-03-13 06:50:38] ℹ️ 셀록 요청 시작: coupang(608ZZ 볼베어링 A0178)
[2026-03-13 06:50:38] ✅ 셀록 요청 성공: coupang(608ZZ 볼베어링 A0178)
[2026-03-13 06:50:39] ✅ 셀록 요청 성공: search(608ZZ 볼베어링 A0178)
[2026-03-13 06:50:39] ✅ 셀록 searchAll 완료: 608ZZ 볼베어링 A0178
[2026-03-13 06:50:39] ℹ️ 후보 추출 완료 / rawCount=40 / smart=BWX 볼베어링 608ZZ 양쪽 철커버 소형 베어링 드론 RC카 608Z / coupang=-
[2026-03-13 06:50:39] ⏸ 사용자 판정 대기중
[2026-03-13 06:50:43] - 셀록 검색: 608ZZ 볼베어
[2026-03-13 06:50:43] ℹ️ 셀록 searchAll 시작: 608ZZ 볼베어
[2026-03-13 06:50:43] ℹ️ 셀록 요청 시작: search(608ZZ 볼베어)
[2026-03-13 06:50:43] ℹ️ 셀록 요청 시작: coupang(608ZZ 볼베어)
[2026-03-13 06:50:43] ✅ 셀록 요청 성공: coupang(608ZZ 볼베어)
[2026-03-13 06:50:44] ✅ 셀록 요청 성공: search(608ZZ 볼베어)
[2026-03-13 06:50:44] ✅ 셀록 searchAll 완료: 608ZZ 볼베어
[2026-03-13 06:50:44] ℹ️ 후보 추출 완료 / rawCount=40 / smart=20/10pcs 623zz 608zz 볼 베어 / coupang=-
[2026-03-13 06:50:44] ⏸ 사용자 판정 대기중
[2026-03-13 06:50:52] - 셀록 검색: 608ZZ 볼 베어링
[2026-03-13 06:50:52] ℹ️ 셀록 searchAll 시작: 608ZZ 볼 베어링
[2026-03-13 06:50:52] ℹ️ 셀록 요청 시작: search(608ZZ 볼 베어링)
[2026-03-13 06:50:52] ℹ️ 셀록 요청 시작: coupang(608ZZ 볼 베어링)
[2026-03-13 06:50:52] ✅ 셀록 요청 성공: coupang(608ZZ 볼 베어링)
[2026-03-13 06:50:52] ✅ 셀록 요청 성공: search(608ZZ 볼 베어링)
[2026-03-13 06:50:52] ✅ 셀록 searchAll 완료: 608ZZ 볼 베어링
[2026-03-13 06:50:52] ℹ️ 후보 추출 완료 / rawCount=40 / smart=BWX 볼베어링 608ZZ 양쪽 철커버 소형 베어링 드론 RC카 608Z / coupang=-
[2026-03-13 06:50:52] ⏸ 사용자 판정 대기중
[2026-03-13 06:50:56] - 셀록 검색: 608ZZ 볼 베어링 롤러
[2026-03-13 06:50:56] ℹ️ 셀록 searchAll 시작: 608ZZ 볼 베어링 롤러
[2026-03-13 06:50:56] ℹ️ 셀록 요청 시작: search(608ZZ 볼 베어링 롤러)
[2026-03-13 06:50:56] ℹ️ 셀록 요청 시작: coupang(608ZZ 볼 베어링 롤러)
[2026-03-13 06:50:57] ✅ 셀록 요청 성공: search(608ZZ 볼 베어링 롤러)
[2026-03-13 06:50:57] ✅ 셀록 요청 성공: coupang(608ZZ 볼 베어링 롤러)
[2026-03-13 06:50:57] ✅ 셀록 searchAll 완료: 608ZZ 볼 베어링 롤러
[2026-03-13 06:50:57] ℹ️ 후보 추출 완료 / rawCount=40 / smart=100 PCS 608ZZ 볼 베어링 - 가구 휠 스케이트보드 인라인 스케이트 스쿠터 롤러 / coupang=-
[2026-03-13 06:50:57] ⏸ 사용자 판정 대기중
[2026-03-13 06:51:01] ✅ 스마트스토어 확정: 58
[2026-03-13 06:51:01] - 원스톱(JSON) 조회: no=149 / 우주유통 나사캡 A0339돌다리
[2026-03-13 06:51:01] - 셀록 검색: 나사캡 A0339
[2026-03-13 06:51:01] ℹ️ 셀록 searchAll 시작: 나사캡 A0339
[2026-03-13 06:51:01] ℹ️ 셀록 요청 시작: search(나사캡 A0339)
[2026-03-13 06:51:01] ℹ️ 셀록 요청 시작: coupang(나사캡 A0339)
[2026-03-13 06:51:01] ✅ 셀록 요청 성공: coupang(나사캡 A0339)
[2026-03-13 06:51:02] ✅ 셀록 요청 성공: search(나사캡 A0339)
[2026-03-13 06:51:02] ✅ 셀록 searchAll 완료: 나사캡 A0339
[2026-03-13 06:51:02] ℹ️ 후보 추출 완료 / rawCount=40 / smart=나사 피스 캡 커버 가리개 덮개 볼트 구멍 자국 마개 가림 장식 10P (A0339) / coupang=나사 피스 캡 커버 가리개 덮개 볼트 구멍 자국 마개 가림 장식 10P (A0339)
[2026-03-13 06:51:02] ⏸ 사용자 판정 대기중
[2026-03-13 06:51:05] ✅ 스마트스토어 확정: 149
[2026-03-13 06:51:05] - 원스톱(JSON) 조회: no=70 / 에스엘몰 베어링 A0083 1PCS돌다리
[2026-03-13 06:51:05] - 셀록 검색: 베어링 A0083
[2026-03-13 06:51:05] ℹ️ 셀록 searchAll 시작: 베어링 A0083
[2026-03-13 06:51:05] ℹ️ 셀록 요청 시작: search(베어링 A0083)
[2026-03-13 06:51:05] ℹ️ 셀록 요청 시작: coupang(베어링 A0083)
[2026-03-13 06:51:05] ✅ 셀록 요청 성공: coupang(베어링 A0083)
[2026-03-13 06:51:05] ✅ 셀록 요청 성공: search(베어링 A0083)
[2026-03-13 06:51:05] ✅ 셀록 searchAll 완료: 베어링 A0083
[2026-03-13 06:51:05] ℹ️ 후보 추출 완료 / rawCount=5 / smart=인라인 롤러 스케이트 베어링 (A0083) / coupang=608RS 베어링 인라인 스케이트 보드 휠베어링 롤러 ABEC5 ABEC7 (A0083) 1개
[2026-03-13 06:51:05] ⏸ 사용자 판정 대기중
[2026-03-13 06:51:46] ✅ 쿠팡 확정: 70
[2026-03-13 06:51:46] - 원스톱(JSON) 조회: no=99 / 돌다리 엔틱 코너 C A0286돌다리
[2026-03-13 06:51:46] - 셀록 검색: 엔틱 코너 C A0286
[2026-03-13 06:51:46] ℹ️ 셀록 searchAll 시작: 엔틱 코너 C A0286
[2026-03-13 06:51:46] ℹ️ 셀록 요청 시작: search(엔틱 코너 C A0286)
[2026-03-13 06:51:46] ℹ️ 셀록 요청 시작: coupang(엔틱 코너 C A0286)
[2026-03-13 06:51:46] ✅ 셀록 요청 성공: coupang(엔틱 코너 C A0286)
[2026-03-13 06:51:46] ✅ 셀록 요청 성공: search(엔틱 코너 C A0286)
[2026-03-13 06:51:47] ✅ 셀록 searchAll 완료: 엔틱 코너 C A0286
[2026-03-13 06:51:47] ℹ️ 후보 추출 완료 / rawCount=40 / smart=앤틱 코너장식 모서리장식 가구 보관함 빈티지 청동 포인트 장식 1P (CA0286) / coupang=-
[2026-03-13 06:51:47] ⏸ 사용자 판정 대기중
[2026-03-13 06:51:48] ✅ 스마트스토어 확정: 99
[2026-03-13 06:51:48] - 원스톱(JSON) 조회: no=108 / 돌다리 3구 배터리홀더 A0255돌다리
[2026-03-13 06:51:48] - 셀록 검색: 3구 배터리홀더 A0255
[2026-03-13 06:51:48] ℹ️ 셀록 searchAll 시작: 3구 배터리홀더 A0255
[2026-03-13 06:51:48] ℹ️ 셀록 요청 시작: search(3구 배터리홀더 A0255)
[2026-03-13 06:51:48] ℹ️ 셀록 요청 시작: coupang(3구 배터리홀더 A0255)
[2026-03-13 06:51:48] ✅ 셀록 요청 성공: coupang(3구 배터리홀더 A0255)
[2026-03-13 06:51:49] ✅ 셀록 요청 성공: search(3구 배터리홀더 A0255)
[2026-03-13 06:51:49] ✅ 셀록 searchAll 완료: 3구 배터리홀더 A0255
[2026-03-13 06:51:49] ℹ️ 후보 추출 완료 / rawCount=40 / smart=AAA 3구 배터리 홀더 케이스 어댑터 DIY 손전등 제작 건전지 부품 (A0255) / coupang=AAA 3구 배터리 홀더 케이스 어댑터 DIY 손전등 제작 건전지 부품 (A0255) 1개
[2026-03-13 06:51:49] ⏸ 사용자 판정 대기중
[2026-03-13 06:51:50] ✅ 스마트스토어 확정: 108
[2026-03-13 06:51:50] - 원스톱(JSON) 조회: no=126 / 핸셀 자전거 머드가드 A0216돌다리
[2026-03-13 06:51:50] - 셀록 검색: 자전거 머드가드 A0216
[2026-03-13 06:51:50] ℹ️ 셀록 searchAll 시작: 자전거 머드가드 A0216
[2026-03-13 06:51:50] ℹ️ 셀록 요청 시작: search(자전거 머드가드 A0216)
[2026-03-13 06:51:50] ℹ️ 셀록 요청 시작: coupang(자전거 머드가드 A0216)
[2026-03-13 06:51:50] ✅ 셀록 요청 성공: coupang(자전거 머드가드 A0216)
[2026-03-13 06:51:52] ✅ 셀록 요청 성공: search(자전거 머드가드 A0216)
[2026-03-13 06:51:52] ✅ 셀록 searchAll 완료: 자전거 머드가드 A0216
[2026-03-13 06:51:52] ℹ️ 후보 추출 완료 / rawCount=40 / smart=자전거 바퀴 머드 가드 흙 받이 세트 앞 뒤 세트 2pcs (A0216) / coupang=-
[2026-03-13 06:51:52] ⏸ 사용자 판정 대기중
[2026-03-13 06:51:53] ✅ 스마트스토어 확정: 126
[2026-03-13 06:51:53] - 원스톱(JSON) 조회: no=121 / 돌다리 롤러 마사지기 A0230돌다리
[2026-03-13 06:51:53] - 셀록 검색: 롤러 마사지기 A0230
[2026-03-13 06:51:53] ℹ️ 셀록 searchAll 시작: 롤러 마사지기 A0230
[2026-03-13 06:51:53] ℹ️ 셀록 요청 시작: search(롤러 마사지기 A0230)
[2026-03-13 06:51:53] ℹ️ 셀록 요청 시작: coupang(롤러 마사지기 A0230)
[2026-03-13 06:51:54] ✅ 셀록 요청 성공: coupang(롤러 마사지기 A0230)
[2026-03-13 06:51:55] ✅ 셀록 요청 성공: search(롤러 마사지기 A0230)
[2026-03-13 06:51:55] ✅ 셀록 searchAll 완료: 롤러 마사지기 A0230
[2026-03-13 06:51:55] ℹ️ 후보 추출 완료 / rawCount=40 / smart=롤러 마사지기 림프 순환 붓기 빼기 (A0230) / coupang=-
[2026-03-13 06:51:55] ⏸ 사용자 판정 대기중
[2026-03-13 06:51:55] ✅ 스마트스토어 확정: 121
[2026-03-13 06:51:55] - 원스톱(JSON) 조회: no=73 / 빵구몰 호스커터 A0205돌다리
[2026-03-13 06:51:56] - 셀록 검색: 호스커터 A0205
[2026-03-13 06:51:56] ℹ️ 셀록 searchAll 시작: 호스커터 A0205
[2026-03-13 06:51:56] ℹ️ 셀록 요청 시작: search(호스커터 A0205)
[2026-03-13 06:51:56] ℹ️ 셀록 요청 시작: coupang(호스커터 A0205)
[2026-03-13 06:51:56] ✅ 셀록 요청 성공: coupang(호스커터 A0205)
[2026-03-13 06:51:56] ✅ 셀록 요청 성공: search(호스커터 A0205)
[2026-03-13 06:51:56] ✅ 셀록 searchAll 완료: 호스커터 A0205
[2026-03-13 06:51:56] ℹ️ 후보 추출 완료 / rawCount=40 / smart=호스커터 정수기 고무 호스 튜브 커터 절단기 컷팅기 가위 (A0205) / coupang=PVC PU PE 튜브 파이프 호스 커터 가위 절단 커팅 툴 호스커터 A0205 1개
[2026-03-13 06:51:56] ⏸ 사용자 판정 대기중
[2026-03-13 06:51:57] ✅ 스마트스토어 확정: 73
[2026-03-13 06:51:57] - 원스톱(JSON) 조회: no=75 / 단구마켓 유압리프트 A0210돌다리
[2026-03-13 06:51:57] - 셀록 검색: 유압리프트 A0210
[2026-03-13 06:51:57] ℹ️ 셀록 searchAll 시작: 유압리프트 A0210
[2026-03-13 06:51:57] ℹ️ 셀록 요청 시작: search(유압리프트 A0210)
[2026-03-13 06:51:57] ℹ️ 셀록 요청 시작: coupang(유압리프트 A0210)
[2026-03-13 06:51:58] ✅ 셀록 요청 성공: coupang(유압리프트 A0210)
[2026-03-13 06:51:58] ✅ 셀록 요청 성공: search(유압리프트 A0210)
[2026-03-13 06:51:58] ✅ 셀록 searchAll 완료: 유압리프트 A0210
[2026-03-13 06:51:58] ℹ️ 후보 추출 완료 / rawCount=40 / smart=쌍용리프트 이동식 수동 유압 운반 테이블 리프트 트럭 SYP-150 / coupang=엠클립스 유압 리프트 쟈키 2T 1개
[2026-03-13 06:51:58] ⏸ 사용자 판정 대기중
[2026-03-13 06:52:19] ⏭ 패스: 75 / 다른 이미지가 나옴
[2026-03-13 06:52:19] - 원스톱(JSON) 조회: no=142 / 제이브로시스 벽 선반스티커 A0308돌다리
[2026-03-13 06:52:19] - 셀록 검색: 벽 선반스티커 A0308
[2026-03-13 06:52:19] ℹ️ 셀록 searchAll 시작: 벽 선반스티커 A0308
[2026-03-13 06:52:19] ℹ️ 셀록 요청 시작: search(벽 선반스티커 A0308)
[2026-03-13 06:52:19] ℹ️ 셀록 요청 시작: coupang(벽 선반스티커 A0308)
[2026-03-13 06:52:19] ✅ 셀록 요청 성공: coupang(벽 선반스티커 A0308)
[2026-03-13 06:52:20] ✅ 셀록 요청 성공: search(벽 선반스티커 A0308)
[2026-03-13 06:52:20] ✅ 셀록 searchAll 완료: 벽 선반스티커 A0308
[2026-03-13 06:52:20] ℹ️ 후보 추출 완료 / rawCount=40 / smart=접착식 선반 고정 브라켓 무타공 벽고정 지지대 받침대 후크 스티커 1P A0308 / coupang=-
[2026-03-13 06:52:20] ⏸ 사용자 판정 대기중
[2026-03-13 06:52:24] ✅ 스마트스토어 확정: 142
[2026-03-13 06:52:24] - 원스톱(JSON) 조회: no=138 / 핸셀 안경용 마스크 프레임 A0336돌다리
[2026-03-13 06:52:24] - 셀록 검색: 안경용 마스크 프레임 A0336
[2026-03-13 06:52:24] ℹ️ 셀록 searchAll 시작: 안경용 마스크 프레임 A0336
[2026-03-13 06:52:24] ℹ️ 셀록 요청 시작: search(안경용 마스크 프레임 A0336)
[2026-03-13 06:52:24] ℹ️ 셀록 요청 시작: coupang(안경용 마스크 프레임 A0336)
[2026-03-13 06:52:24] ✅ 셀록 요청 성공: coupang(안경용 마스크 프레임 A0336)
[2026-03-13 06:52:25] ✅ 셀록 요청 성공: search(안경용 마스크 프레임 A0336)
[2026-03-13 06:52:25] ✅ 셀록 searchAll 완료: 안경용 마스크 프레임 A0336
[2026-03-13 06:52:25] ℹ️ 후보 추출 완료 / rawCount=6 / smart=안경용 마스크 프레임 김서림 습기 방지 차단 스펀지 쿠션 패드 홀더 커버 (A0336) / coupang=안경 안개 방지 마스크 코 브리지 홀더 브래킷 패드 안경용 마스크 프레임 퍼플 A0336 1개
[2026-03-13 06:52:25] ⏸ 사용자 판정 대기중
[2026-03-13 06:52:44] ✅ 스마트스토어 확정: 138
[2026-03-13 06:52:45] - 원스톱(JSON) 조회: no=104 / 빵구몰 엔틱 코너 A A0284돌다리
[2026-03-13 06:52:45] - 셀록 검색: 엔틱 코너 A A0284
[2026-03-13 06:52:45] ℹ️ 셀록 searchAll 시작: 엔틱 코너 A A0284
[2026-03-13 06:52:45] ℹ️ 셀록 요청 시작: search(엔틱 코너 A A0284)
[2026-03-13 06:52:45] ℹ️ 셀록 요청 시작: coupang(엔틱 코너 A A0284)
[2026-03-13 06:52:45] ✅ 셀록 요청 성공: coupang(엔틱 코너 A A0284)
[2026-03-13 06:52:46] ✅ 셀록 요청 성공: search(엔틱 코너 A A0284)
[2026-03-13 06:52:46] ✅ 셀록 searchAll 완료: 엔틱 코너 A A0284
[2026-03-13 06:52:46] ℹ️ 후보 추출 완료 / rawCount=40 / smart=벽난로 콘솔 엔틱 코너 테이블 1m 빈티지 벽난로콘솔 거실 / coupang=-
[2026-03-13 06:52:46] ⏸ 사용자 판정 대기중
[2026-03-13 06:52:54] ⏭ 패스: 104 / 다른 이미지가 나옴
[2026-03-13 06:52:54] - 원스톱(JSON) 조회: no=56 / 핸셀 라이트스틱 A0108돌다리
[2026-03-13 06:52:54] - 셀록 검색: 라이트스틱 A0108
[2026-03-13 06:52:54] ℹ️ 셀록 searchAll 시작: 라이트스틱 A0108
[2026-03-13 06:52:54] ℹ️ 셀록 요청 시작: search(라이트스틱 A0108)
[2026-03-13 06:52:54] ℹ️ 셀록 요청 시작: coupang(라이트스틱 A0108)
[2026-03-13 06:52:54] ✅ 셀록 요청 성공: coupang(라이트스틱 A0108)
[2026-03-13 06:52:54] ✅ 셀록 요청 성공: search(라이트스틱 A0108)
[2026-03-13 06:52:54] ✅ 셀록 searchAll 완료: 라이트스틱 A0108
[2026-03-13 06:52:54] ℹ️ 후보 추출 완료 / rawCount=7 / smart=라이트스틱 야광 발광 스틱 조명 캠핑 비상 파티 공연 케미 글로우 라이트 그린 A0108 / coupang=라이트스틱 야광 발광 스틱 조명 캠핑 비상 파티 공연 케미 글로우 라이트 (A0108) 그린
[2026-03-13 06:52:54] ⏸ 사용자 판정 대기중
[2026-03-13 06:52:56] ✅ 스마트스토어 확정: 56
[2026-03-13 06:52:56] - 원스톱(JSON) 조회: no=107 / 돌다리 에어컨1차필터 A0288돌다리
[2026-03-13 06:52:56] - 셀록 검색: 에어컨1차필터 A0288
[2026-03-13 06:52:56] ℹ️ 셀록 searchAll 시작: 에어컨1차필터 A0288
[2026-03-13 06:52:56] ℹ️ 셀록 요청 시작: search(에어컨1차필터 A0288)
[2026-03-13 06:52:56] ℹ️ 셀록 요청 시작: coupang(에어컨1차필터 A0288)
[2026-03-13 06:52:56] ✅ 셀록 요청 성공: coupang(에어컨1차필터 A0288)
[2026-03-13 06:52:57] ✅ 셀록 요청 성공: search(에어컨1차필터 A0288)
[2026-03-13 06:52:57] ✅ 셀록 searchAll 완료: 에어컨1차필터 A0288
[2026-03-13 06:52:57] ℹ️ 후보 추출 완료 / rawCount=40 / smart=에어컨 1차 필터 건겅 지킴과 편리한 청결관리 (A0288) / coupang=-
[2026-03-13 06:52:57] ⏸ 사용자 판정 대기중
[2026-03-13 06:53:56] ✅ 스마트스토어 확정: 107
[2026-03-13 06:53:56] - 원스톱(JSON) 조회: no=80 / 돌다리 샤워캡 A0204 랜덤색상돌다리
[2026-03-13 06:53:56] - 셀록 검색: 샤워캡 A0204
[2026-03-13 06:53:56] ℹ️ 셀록 searchAll 시작: 샤워캡 A0204
[2026-03-13 06:53:56] ℹ️ 셀록 요청 시작: search(샤워캡 A0204)
[2026-03-13 06:53:56] ℹ️ 셀록 요청 시작: coupang(샤워캡 A0204)
[2026-03-13 06:53:56] ✅ 셀록 요청 성공: coupang(샤워캡 A0204)
[2026-03-13 06:53:57] ✅ 셀록 요청 성공: search(샤워캡 A0204)
[2026-03-13 06:53:57] ✅ 셀록 searchAll 완료: 샤워캡 A0204
[2026-03-13 06:53:57] ℹ️ 후보 추출 완료 / rawCount=5 / smart=방수 샤워캡 비닐 헤어 사우나 샤워모자 목욕 머리카락 세안 화장 흘러내림방지 A0204 / coupang=샤워캡 방수 목욕 세면 샤워 모자 비닐 헤어캡 미용실 욕실 샴푸캡 (A0204) 1개
[2026-03-13 06:53:57] ⏸ 사용자 판정 대기중
[2026-03-13 06:53:58] ✅ 스마트스토어 확정: 80
[2026-03-13 06:53:58] - 원스톱(JSON) 조회: no=105 / 돌다리 엔틱 코너 B A0285돌다리
[2026-03-13 06:53:58] - 셀록 검색: 엔틱 코너 B A0285
[2026-03-13 06:53:58] ℹ️ 셀록 searchAll 시작: 엔틱 코너 B A0285
[2026-03-13 06:53:58] ℹ️ 셀록 요청 시작: search(엔틱 코너 B A0285)
[2026-03-13 06:53:58] ℹ️ 셀록 요청 시작: coupang(엔틱 코너 B A0285)
[2026-03-13 06:53:58] ✅ 셀록 요청 성공: coupang(엔틱 코너 B A0285)
[2026-03-13 06:53:59] ✅ 셀록 요청 성공: search(엔틱 코너 B A0285)
[2026-03-13 06:53:59] ✅ 셀록 searchAll 완료: 엔틱 코너 B A0285
[2026-03-13 06:53:59] ℹ️ 후보 추출 완료 / rawCount=40 / smart=벽난로 콘솔 엔틱 코너 테이블 1m 빈티지 벽난로콘솔 거실 / coupang=-
[2026-03-13 06:53:59] ⏸ 사용자 판정 대기중
[2026-03-13 06:54:49] ✅ 스마트스토어 확정: 105
[2026-03-13 06:54:49] - 원스톱(JSON) 조회: no=82 / 제이브로시스 아크릴ID카드홀더 A0173돌다리
[2026-03-13 06:54:49] - 셀록 검색: 아크릴ID카드홀더 A0173
[2026-03-13 06:54:49] ℹ️ 셀록 searchAll 시작: 아크릴ID카드홀더 A0173
[2026-03-13 06:54:49] ℹ️ 셀록 요청 시작: search(아크릴ID카드홀더 A0173)
[2026-03-13 06:54:49] ℹ️ 셀록 요청 시작: coupang(아크릴ID카드홀더 A0173)
[2026-03-13 06:54:49] ✅ 셀록 요청 성공: coupang(아크릴ID카드홀더 A0173)
[2026-03-13 06:54:50] ✅ 셀록 요청 성공: search(아크릴ID카드홀더 A0173)
[2026-03-13 06:54:50] ✅ 셀록 searchAll 완료: 아크릴ID카드홀더 A0173
[2026-03-13 06:54:50] ℹ️ 후보 추출 완료 / rawCount=40 / smart=투명 아크릴 ID카드 홀더 출입증 사원증 학생증 명찰 카드케이스 커버 홀더 (A0173) / coupang=투명 하드 아크릴 직원 이름 배지 ID카드 액세스 전시 아크릴ID카드홀더 A0173
[2026-03-13 06:54:50] ⏸ 사용자 판정 대기중
[2026-03-13 06:54:50] ✅ 스마트스토어 확정: 82
[2026-03-13 06:54:50] - 원스톱(JSON) 조회: no=85 / 돌다리 자전거휠라이트 A0167돌다리
[2026-03-13 06:54:50] - 셀록 검색: 자전거휠라이트 A0167
[2026-03-13 06:54:50] ℹ️ 셀록 searchAll 시작: 자전거휠라이트 A0167
[2026-03-13 06:54:50] ℹ️ 셀록 요청 시작: search(자전거휠라이트 A0167)
[2026-03-13 06:54:50] ℹ️ 셀록 요청 시작: coupang(자전거휠라이트 A0167)
[2026-03-13 06:54:51] ✅ 셀록 요청 성공: coupang(자전거휠라이트 A0167)
[2026-03-13 06:54:51] ✅ 셀록 요청 성공: search(자전거휠라이트 A0167)
[2026-03-13 06:54:51] ✅ 셀록 searchAll 완료: 자전거휠라이트 A0167
[2026-03-13 06:54:51] ℹ️ 후보 추출 완료 / rawCount=40 / smart=자전거 LED 휠 라이트 조명 타이어 밸브 스템 림 장식 안전 램프 2P (A0167) / coupang=자전거 휠라이트 옐로우A0167 1개
[2026-03-13 06:54:51] ⏸ 사용자 판정 대기중
[2026-03-13 06:54:52] ✅ 스마트스토어 확정: 85
[2026-03-13 06:54:52] - 원스톱(JSON) 조회: no=64 / 아르미몰 에어커넥터세트 A0192 암수 세트돌다리
[2026-03-13 06:54:52] - 셀록 검색: 에어커넥터세트 A0192
[2026-03-13 06:54:52] ℹ️ 셀록 searchAll 시작: 에어커넥터세트 A0192
[2026-03-13 06:54:52] ℹ️ 셀록 요청 시작: search(에어커넥터세트 A0192)
[2026-03-13 06:54:52] ℹ️ 셀록 요청 시작: coupang(에어커넥터세트 A0192)
[2026-03-13 06:54:52] ✅ 셀록 요청 성공: coupang(에어커넥터세트 A0192)
[2026-03-13 06:54:53] ✅ 셀록 요청 성공: search(에어커넥터세트 A0192)
[2026-03-13 06:54:53] ✅ 셀록 searchAll 완료: 에어커넥터세트 A0192
[2026-03-13 06:54:53] ℹ️ 후보 추출 완료 / rawCount=4 / smart=에어 호스 커넥터 암수 세트 에어 퀵 커플러 (A0192) / coupang=원터치 에어커플러 에어 호스 커넥터 퀵 커플러 바브 노즐 암수 세트 (A0192) 1개
[2026-03-13 06:54:53] ⏸ 사용자 판정 대기중
[2026-03-13 06:54:55] ✅ 쿠팡 확정: 64
[2026-03-13 06:54:55] - 원스톱(JSON) 조회: no=101 / 돌다리 금박 후레이크 A0258돌다리
[2026-03-13 06:54:55] - 셀록 검색: 금박 후레이크 A0258
[2026-03-13 06:54:55] ℹ️ 셀록 searchAll 시작: 금박 후레이크 A0258
[2026-03-13 06:54:55] ℹ️ 셀록 요청 시작: search(금박 후레이크 A0258)
[2026-03-13 06:54:55] ℹ️ 셀록 요청 시작: coupang(금박 후레이크 A0258)
[2026-03-13 06:54:55] ✅ 셀록 요청 성공: coupang(금박 후레이크 A0258)
[2026-03-13 06:54:56] ✅ 셀록 요청 성공: search(금박 후레이크 A0258)
[2026-03-13 06:54:56] ✅ 셀록 searchAll 완료: 금박 후레이크 A0258
[2026-03-13 06:54:56] ℹ️ 후보 추출 완료 / rawCount=40 / smart=금박지 은박지 금가루 공예용 미술용 레진아트 금박종이 금박후레이크 / coupang=-
[2026-03-13 06:54:56] ⏸ 사용자 판정 대기중
[2026-03-13 06:55:28] - 셀록 검색: 금박 가루
[2026-03-13 06:55:28] ℹ️ 셀록 searchAll 시작: 금박 가루
[2026-03-13 06:55:28] ℹ️ 셀록 요청 시작: search(금박 가루)
[2026-03-13 06:55:28] ℹ️ 셀록 요청 시작: coupang(금박 가루)
[2026-03-13 06:55:28] ✅ 셀록 요청 성공: coupang(금박 가루)
[2026-03-13 06:55:29] ✅ 셀록 요청 성공: search(금박 가루)
[2026-03-13 06:55:29] ✅ 셀록 searchAll 완료: 금박 가루
[2026-03-13 06:55:29] ℹ️ 후보 추출 완료 / rawCount=40 / smart=HE 사쿠다금박 코마카300mg 식용 금가루 유리병 먹는 뿌리는 금 식용금박 / coupang=-
[2026-03-13 06:55:29] ⏸ 사용자 판정 대기중
[2026-03-13 06:55:37] - 셀록 검색: 금박 후레이크 가루
[2026-03-13 06:55:37] ℹ️ 셀록 searchAll 시작: 금박 후레이크 가루
[2026-03-13 06:55:37] ℹ️ 셀록 요청 시작: search(금박 후레이크 가루)
[2026-03-13 06:55:37] ℹ️ 셀록 요청 시작: coupang(금박 후레이크 가루)
[2026-03-13 06:55:38] ✅ 셀록 요청 성공: coupang(금박 후레이크 가루)
[2026-03-13 06:55:39] ✅ 셀록 요청 성공: search(금박 후레이크 가루)
[2026-03-13 06:55:39] ✅ 셀록 searchAll 완료: 금박 후레이크 가루
[2026-03-13 06:55:39] ℹ️ 후보 추출 완료 / rawCount=40 / smart=네일아트용 공예용 금박 가루 후레이크 호일 3색 3g 골드 실버 코퍼 젤네일 페인팅용 재료 / coupang=오허브 파슬리 후레이크 가루 파세리 토핑 데코 250g 1개
[2026-03-13 06:55:39] ⏸ 사용자 판정 대기중
[2026-03-13 06:55:47] ✅ 스마트스토어 확정: 101
[2026-03-13 06:55:47] - 원스톱(JSON) 조회: no=109 / 핸셀 2mm연필샤프 A0274돌다리
[2026-03-13 06:55:47] - 셀록 검색: 2mm연필샤프 A0274
[2026-03-13 06:55:47] ℹ️ 셀록 searchAll 시작: 2mm연필샤프 A0274
[2026-03-13 06:55:47] ℹ️ 셀록 요청 시작: search(2mm연필샤프 A0274)
[2026-03-13 06:55:47] ℹ️ 셀록 요청 시작: coupang(2mm연필샤프 A0274)
[2026-03-13 06:55:47] ✅ 셀록 요청 성공: coupang(2mm연필샤프 A0274)
[2026-03-13 06:55:48] ✅ 셀록 요청 성공: search(2mm연필샤프 A0274)
[2026-03-13 06:55:48] ✅ 셀록 searchAll 완료: 2mm연필샤프 A0274
[2026-03-13 06:55:48] ℹ️ 후보 추출 완료 / rawCount=40 / smart=2mm 연필심 연필 샤프 굵은 목수연필 목공펜슬 건축 도면 스케치 (A0274) / coupang=-
[2026-03-13 06:55:48] ⏸ 사용자 판정 대기중
[2026-03-13 06:55:59] ✅ 스마트스토어 확정: 109
[2026-03-13 06:55:59] - 원스톱(JSON) 조회: no=66 / 스마트리빙스토어 소켓아답터 A0115돌다리
[2026-03-13 06:55:59] - 셀록 검색: 소켓아답터 A0115
[2026-03-13 06:55:59] ℹ️ 셀록 searchAll 시작: 소켓아답터 A0115
[2026-03-13 06:55:59] ℹ️ 셀록 요청 시작: search(소켓아답터 A0115)
[2026-03-13 06:55:59] ℹ️ 셀록 요청 시작: coupang(소켓아답터 A0115)
[2026-03-13 06:56:00] ✅ 셀록 요청 성공: coupang(소켓아답터 A0115)
[2026-03-13 06:56:00] ✅ 셀록 요청 성공: search(소켓아답터 A0115)
[2026-03-13 06:56:00] ✅ 셀록 searchAll 완료: 소켓아답터 A0115
[2026-03-13 06:56:00] ℹ️ 후보 추출 완료 / rawCount=40 / smart=라쳇 컨버터 어댑터 복수알 소켓 (A0115) / coupang=육각 비트 복스알 소켓 래칫 렌치 깔깔이 스패너 어댑터 컨버터 (A0115) 3/8회전 1/4구멍 B 1개
[2026-03-13 06:56:00] ⏸ 사용자 판정 대기중
[2026-03-13 06:56:12] ✅ 스마트스토어 확정: 66
[2026-03-13 06:56:12] - 원스톱(JSON) 조회: no=81 / 월드 네일버퍼 A0179돌다리
[2026-03-13 06:56:12] - 셀록 검색: 네일버퍼 A0179
[2026-03-13 06:56:12] ℹ️ 셀록 searchAll 시작: 네일버퍼 A0179
[2026-03-13 06:56:12] ℹ️ 셀록 요청 시작: search(네일버퍼 A0179)
[2026-03-13 06:56:12] ℹ️ 셀록 요청 시작: coupang(네일버퍼 A0179)
[2026-03-13 06:56:12] ✅ 셀록 요청 성공: coupang(네일버퍼 A0179)
[2026-03-13 06:56:13] ✅ 셀록 요청 성공: search(네일버퍼 A0179)
[2026-03-13 06:56:13] ✅ 셀록 searchAll 완료: 네일버퍼 A0179
[2026-03-13 06:56:13] ℹ️ 후보 추출 완료 / rawCount=40 / smart=네일 케어 버퍼 손톱 미용 기초 필수템 (A0179) / coupang=우드 네일 파일 버퍼 샌딩 아트 손톱 정리 관리샌딩 사포 (A0179) 1개
[2026-03-13 06:56:13] ⏸ 사용자 판정 대기중
[2026-03-13 06:56:17] ✅ 스마트스토어 확정: 81
[2026-03-13 06:56:17] - 원스톱(JSON) 조회: no=113 / 돌다리 총알스티커 A0242돌다리
[2026-03-13 06:56:17] - 셀록 검색: 총알스티커 A0242
[2026-03-13 06:56:17] ℹ️ 셀록 searchAll 시작: 총알스티커 A0242
[2026-03-13 06:56:17] ℹ️ 셀록 요청 시작: search(총알스티커 A0242)
[2026-03-13 06:56:17] ℹ️ 셀록 요청 시작: coupang(총알스티커 A0242)
[2026-03-13 06:56:18] ✅ 셀록 요청 성공: coupang(총알스티커 A0242)
[2026-03-13 06:56:18] ✅ 셀록 요청 성공: search(총알스티커 A0242)
[2026-03-13 06:56:18] ✅ 셀록 searchAll 완료: 총알스티커 A0242
[2026-03-13 06:56:18] ℹ️ 후보 추출 완료 / rawCount=40 / smart=3D 자동차 총알 스티커 스크래치 흠집 커버 방수 스티커 나만의 개성 연출 (A0242) / coupang=차량용 3D 총알 구멍 스티커 자동차 흠집 기스 커버 가림용 데칼 스티커 (A0242) 총알스티커 C
[2026-03-13 06:56:18] ⏸ 사용자 판정 대기중
[2026-03-13 06:56:29] - 셀록 검색: 총알 스티커
[2026-03-13 06:56:29] ℹ️ 셀록 searchAll 시작: 총알 스티커
[2026-03-13 06:56:29] ℹ️ 셀록 요청 시작: search(총알 스티커)
[2026-03-13 06:56:29] ℹ️ 셀록 요청 시작: coupang(총알 스티커)
[2026-03-13 06:56:29] ✅ 셀록 요청 성공: coupang(총알 스티커)
[2026-03-13 06:56:31] ✅ 셀록 요청 성공: search(총알 스티커)
[2026-03-13 06:56:31] ✅ 셀록 searchAll 완료: 총알 스티커
[2026-03-13 06:56:31] ℹ️ 후보 추출 완료 / rawCount=40 / smart=3D 총알 흠집 스크래치 스티커 차량용 입체 데칼 자동차 범퍼 휀다 가림용 타입1 / coupang=-
[2026-03-13 06:56:31] ⏸ 사용자 판정 대기중
[2026-03-13 06:56:33] ✅ 스마트스토어 확정: 113
[2026-03-13 06:56:33] - 원스톱(JSON) 조회: no=130 / 빵구몰 다기능 펜 A0304돌다리
[2026-03-13 06:56:33] - 셀록 검색: 다기능 펜 A0304
[2026-03-13 06:56:33] ℹ️ 셀록 searchAll 시작: 다기능 펜 A0304
[2026-03-13 06:56:33] ℹ️ 셀록 요청 시작: search(다기능 펜 A0304)
[2026-03-13 06:56:33] ℹ️ 셀록 요청 시작: coupang(다기능 펜 A0304)
[2026-03-13 06:56:34] ✅ 셀록 요청 성공: coupang(다기능 펜 A0304)
[2026-03-13 06:56:35] ✅ 셀록 요청 성공: search(다기능 펜 A0304)
[2026-03-13 06:56:35] ✅ 셀록 searchAll 완료: 다기능 펜 A0304
[2026-03-13 06:56:35] ℹ️ 후보 추출 완료 / rawCount=40 / smart=다기능 펜 측정자 수평계 십자 일자 드라이버 스마트폰 터치 멀티 볼펜 (A0304) / coupang=7in1 다기능 볼펜 측정 기술 눈금자 스크루 드라이버 다기능 펜 실버 A0304
[2026-03-13 06:56:35] ⏸ 사용자 판정 대기중
[2026-03-13 06:56:40] - 셀록 검색: 다기능 펜
[2026-03-13 06:56:40] ℹ️ 셀록 searchAll 시작: 다기능 펜
[2026-03-13 06:56:40] ℹ️ 셀록 요청 시작: search(다기능 펜)
[2026-03-13 06:56:40] ℹ️ 셀록 요청 시작: coupang(다기능 펜)
[2026-03-13 06:56:41] ✅ 셀록 요청 성공: coupang(다기능 펜)
[2026-03-13 06:56:41] ✅ 셀록 요청 성공: search(다기능 펜)
[2026-03-13 06:56:41] ✅ 셀록 searchAll 완료: 다기능 펜
[2026-03-13 06:56:41] ℹ️ 후보 추출 완료 / rawCount=40 / smart=ROKA 로카 다기능 라이트펜 군대 훈련소 준비물 육군 / coupang=-
[2026-03-13 06:56:41] ⏸ 사용자 판정 대기중
[2026-03-13 06:56:48] - 셀록 검색: 다기능 펜 수평
[2026-03-13 06:56:48] ℹ️ 셀록 searchAll 시작: 다기능 펜 수평
[2026-03-13 06:56:48] ℹ️ 셀록 요청 시작: search(다기능 펜 수평)
[2026-03-13 06:56:48] ℹ️ 셀록 요청 시작: coupang(다기능 펜 수평)
[2026-03-13 06:56:48] ✅ 셀록 요청 성공: coupang(다기능 펜 수평)
[2026-03-13 06:56:49] ✅ 셀록 요청 성공: search(다기능 펜 수평)
[2026-03-13 06:56:49] ✅ 셀록 searchAll 완료: 다기능 펜 수평
[2026-03-13 06:56:49] ℹ️ 후보 추출 완료 / rawCount=0 / smart=- / coupang=-
[2026-03-13 06:56:49] 검색 결과가 없습니다. 검색어를 수정한 뒤 재검색하거나 패스하세요.
[2026-03-13 06:56:59] - 셀록 검색: 다기능 펜 A0304
[2026-03-13 06:56:59] ℹ️ 셀록 searchAll 시작: 다기능 펜 A0304
[2026-03-13 06:56:59] ℹ️ 셀록 요청 시작: search(다기능 펜 A0304)
[2026-03-13 06:56:59] ℹ️ 셀록 요청 시작: coupang(다기능 펜 A0304)
[2026-03-13 06:56:59] ✅ 셀록 요청 성공: coupang(다기능 펜 A0304)
[2026-03-13 06:56:59] ✅ 셀록 요청 성공: search(다기능 펜 A0304)
[2026-03-13 06:56:59] ✅ 셀록 searchAll 완료: 다기능 펜 A0304
[2026-03-13 06:56:59] ℹ️ 후보 추출 완료 / rawCount=40 / smart=다기능 펜 측정자 수평계 십자 일자 드라이버 스마트폰 터치 멀티 볼펜 (A0304) / coupang=7in1 다기능 볼펜 측정 기술 눈금자 스크루 드라이버 다기능 펜 실버 A0304
[2026-03-13 06:56:59] ⏸ 사용자 판정 대기중
[2026-03-13 06:57:13] ✅ 스마트스토어 확정: 130
[2026-03-13 06:57:13] - 원스톱(JSON) 조회: no=128 / 돌다리 가스렌지 덮개 A0272돌다리
[2026-03-13 06:57:13] - 셀록 검색: 가스렌지 덮개 A0272
[2026-03-13 06:57:13] ℹ️ 셀록 searchAll 시작: 가스렌지 덮개 A0272
[2026-03-13 06:57:13] ℹ️ 셀록 요청 시작: search(가스렌지 덮개 A0272)
[2026-03-13 06:57:13] ℹ️ 셀록 요청 시작: coupang(가스렌지 덮개 A0272)
[2026-03-13 06:57:14] ✅ 셀록 요청 성공: coupang(가스렌지 덮개 A0272)
[2026-03-13 06:57:15] ✅ 셀록 요청 성공: search(가스렌지 덮개 A0272)
[2026-03-13 06:57:15] ✅ 셀록 searchAll 완료: 가스렌지 덮개 A0272
[2026-03-13 06:57:15] ℹ️ 후보 추출 완료 / rawCount=40 / smart=가스레인지 상판 보호대 패드 매트 커버 덮개 프로텍터 오염방지 (A0272) / coupang=라샘 가스렌지덮개 스테인레스 60cm x 54cm x 5cm
[2026-03-13 06:57:15] ⏸ 사용자 판정 대기중
[2026-03-13 06:57:22] ✅ 스마트스토어 확정: 128
[2026-03-13 06:57:22] - 원스톱(JSON) 조회: no=53 / 돌다리 물호스홀더 A0025돌다리
[2026-03-13 06:57:22] - 셀록 검색: 물호스홀더 A0025
[2026-03-13 06:57:22] ℹ️ 셀록 searchAll 시작: 물호스홀더 A0025
[2026-03-13 06:57:22] ℹ️ 셀록 요청 시작: search(물호스홀더 A0025)
[2026-03-13 06:57:22] ℹ️ 셀록 요청 시작: coupang(물호스홀더 A0025)
[2026-03-13 06:57:22] ✅ 셀록 요청 성공: coupang(물호스홀더 A0025)
[2026-03-13 06:57:23] ✅ 셀록 요청 성공: search(물호스홀더 A0025)
[2026-03-13 06:57:23] ✅ 셀록 searchAll 완료: 물호스홀더 A0025
[2026-03-13 06:57:23] ℹ️ 후보 추출 완료 / rawCount=40 / smart=물 호스 고정 홀더 수족관 물 공급 꺽임 방지 클램프 (A0025) / coupang=-
[2026-03-13 06:57:23] ⏸ 사용자 판정 대기중
[2026-03-13 06:57:25] ✅ 스마트스토어 확정: 53
[2026-03-13 06:57:25] - 원스톱(JSON) 조회: no=127 / 빵구몰 18650홀더 A0254돌다리
[2026-03-13 06:57:25] - 셀록 검색: 18650홀더 A0254
[2026-03-13 06:57:25] ℹ️ 셀록 searchAll 시작: 18650홀더 A0254
[2026-03-13 06:57:25] ℹ️ 셀록 요청 시작: search(18650홀더 A0254)
[2026-03-13 06:57:25] ℹ️ 셀록 요청 시작: coupang(18650홀더 A0254)
[2026-03-13 06:57:25] ✅ 셀록 요청 성공: coupang(18650홀더 A0254)
[2026-03-13 06:57:26] ✅ 셀록 요청 성공: search(18650홀더 A0254)
[2026-03-13 06:57:26] ✅ 셀록 searchAll 완료: 18650홀더 A0254
[2026-03-13 06:57:26] ℹ️ 후보 추출 완료 / rawCount=40 / smart=18650 리튬이온 배터리 전지 고정 브라켓 홀더 스탠드 배터리팩 (A0254) / coupang=18650 리튬이온 배터리 전지 고정 브라켓 홀더 스탠드 배터리팩 (A0254)
[2026-03-13 06:57:26] ⏸ 사용자 판정 대기중
[2026-03-13 06:57:55] ✅ 스마트스토어 확정: 127
[2026-03-13 06:57:55] - 원스톱(JSON) 조회: no=86 / 스마트리빙스토어 와이어키체인 A0171돌다리
[2026-03-13 06:57:55] - 셀록 검색: 와이어키체인 A0171
[2026-03-13 06:57:55] ℹ️ 셀록 searchAll 시작: 와이어키체인 A0171
[2026-03-13 06:57:55] ℹ️ 셀록 요청 시작: search(와이어키체인 A0171)
[2026-03-13 06:57:55] ℹ️ 셀록 요청 시작: coupang(와이어키체인 A0171)
[2026-03-13 06:57:56] ✅ 셀록 요청 성공: coupang(와이어키체인 A0171)
[2026-03-13 06:57:56] ✅ 셀록 요청 성공: search(와이어키체인 A0171)
[2026-03-13 06:57:56] ✅ 셀록 searchAll 완료: 와이어키체인 A0171
[2026-03-13 06:57:56] ℹ️ 후보 추출 완료 / rawCount=40 / smart=와이어 로프 탄성 릴고리 키체인 열쇠고리 사원증 출입증 분실 도난 방지 (A0171) / coupang=-
[2026-03-13 06:57:56] ⏸ 사용자 판정 대기중
[2026-03-13 06:58:43] ✅ 스마트스토어 확정: 86
[2026-03-13 06:58:43] - 원스톱(JSON) 조회: no=52 / 돌다리 실리콘 귀덮개 A0028돌다리
[2026-03-13 06:58:43] - 셀록 검색: 실리콘 귀덮개 A0028
[2026-03-13 06:58:43] ℹ️ 셀록 searchAll 시작: 실리콘 귀덮개 A0028
[2026-03-13 06:58:43] ℹ️ 셀록 요청 시작: search(실리콘 귀덮개 A0028)
[2026-03-13 06:58:43] ℹ️ 셀록 요청 시작: coupang(실리콘 귀덮개 A0028)
[2026-03-13 06:58:43] ✅ 셀록 요청 성공: coupang(실리콘 귀덮개 A0028)
[2026-03-13 06:58:44] ✅ 셀록 요청 성공: search(실리콘 귀덮개 A0028)
[2026-03-13 06:58:44] ✅ 셀록 searchAll 완료: 실리콘 귀덮개 A0028
[2026-03-13 06:58:44] ℹ️ 후보 추출 완료 / rawCount=40 / smart=염색 이어캡 파마 미용실 실리콘 귀덮개 귀마개 귀커버 도구 (A0028) / coupang=FizzMint 수면 소음 차단 이어플러그 귀마개 전용케이스증정
[2026-03-13 06:58:44] ⏸ 사용자 판정 대기중
[2026-03-13 06:58:52] ✅ 스마트스토어 확정: 52
[2026-03-13 06:58:52] - 원스톱(JSON) 조회: no=114 / 돌다리 보호필름 A0244돌다리
[2026-03-13 06:58:52] - 셀록 검색: 보호필름 A0244
[2026-03-13 06:58:52] ℹ️ 셀록 searchAll 시작: 보호필름 A0244
[2026-03-13 06:58:52] ℹ️ 셀록 요청 시작: search(보호필름 A0244)
[2026-03-13 06:58:52] ℹ️ 셀록 요청 시작: coupang(보호필름 A0244)
[2026-03-13 06:58:52] ✅ 셀록 요청 성공: coupang(보호필름 A0244)
[2026-03-13 06:58:53] ✅ 셀록 요청 성공: search(보호필름 A0244)
[2026-03-13 06:58:53] ✅ 셀록 searchAll 완료: 보호필름 A0244
[2026-03-13 06:58:53] ℹ️ 후보 추출 완료 / rawCount=40 / smart=갤럭시 워치 액정 보호 필름 감도 높은 터치감 디스플레이 보호 (A0244) / coupang=-
[2026-03-13 06:58:53] ⏸ 사용자 판정 대기중
[2026-03-13 06:58:54] ✅ 스마트스토어 확정: 114
[2026-03-13 06:58:54] - 원스톱(JSON) 조회: no=79 / 단구마켓 브레이크커버 A0136돌다리
[2026-03-13 06:58:54] - 셀록 검색: 브레이크커버 A0136
[2026-03-13 06:58:54] ℹ️ 셀록 searchAll 시작: 브레이크커버 A0136
[2026-03-13 06:58:54] ℹ️ 셀록 요청 시작: search(브레이크커버 A0136)
[2026-03-13 06:58:54] ℹ️ 셀록 요청 시작: coupang(브레이크커버 A0136)
[2026-03-13 06:58:54] ✅ 셀록 요청 성공: coupang(브레이크커버 A0136)
[2026-03-13 06:58:54] ✅ 셀록 요청 성공: search(브레이크커버 A0136)
[2026-03-13 06:58:54] ✅ 셀록 searchAll 완료: 브레이크커버 A0136
[2026-03-13 06:58:54] ℹ️ 후보 추출 완료 / rawCount=40 / smart=1:1 맞춤 제작형 4p,6p 브레이크 캘리퍼 커버 도색 소형 전륜세트(2개) / coupang=-
[2026-03-13 06:58:54] ⏸ 사용자 판정 대기중
[2026-03-13 06:58:58] ⏭ 패스: 79 / 다른 이미지가 나옴
[2026-03-13 06:58:58] - 원스톱(JSON) 조회: no=65 / 스마트리빙스토어 방수실리콘테이프 A0177 1.5m돌다리
[2026-03-13 06:58:58] - 셀록 검색: 방수실리콘테이프 A0177
[2026-03-13 06:58:58] ℹ️ 셀록 searchAll 시작: 방수실리콘테이프 A0177
[2026-03-13 06:58:58] ℹ️ 셀록 요청 시작: search(방수실리콘테이프 A0177)
[2026-03-13 06:58:58] ℹ️ 셀록 요청 시작: coupang(방수실리콘테이프 A0177)
[2026-03-13 06:58:59] ✅ 셀록 요청 성공: coupang(방수실리콘테이프 A0177)
[2026-03-13 06:58:59] ✅ 셀록 요청 성공: search(방수실리콘테이프 A0177)
[2026-03-13 06:58:59] ✅ 셀록 searchAll 완료: 방수실리콘테이프 A0177
[2026-03-13 06:58:59] ℹ️ 후보 추출 완료 / rawCount=40 / smart=방수 실리콘테이프 배관 파이프 호스 누수 차단 보수 절연 내열 테이프 (A0177) / coupang=-
[2026-03-13 06:58:59] ⏸ 사용자 판정 대기중
[2026-03-13 06:59:02] ✅ 스마트스토어 확정: 65
[2026-03-13 06:59:02] - 원스톱(JSON) 조회: no=123 / 돌다리 usb램프 A0233돌다리
[2026-03-13 06:59:02] - 셀록 검색: usb램프 A0233
[2026-03-13 06:59:02] ℹ️ 셀록 searchAll 시작: usb램프 A0233
[2026-03-13 06:59:02] ℹ️ 셀록 요청 시작: search(usb램프 A0233)
[2026-03-13 06:59:02] ℹ️ 셀록 요청 시작: coupang(usb램프 A0233)
[2026-03-13 06:59:02] ✅ 셀록 요청 성공: coupang(usb램프 A0233)
[2026-03-13 06:59:03] ✅ 셀록 요청 성공: search(usb램프 A0233)
[2026-03-13 06:59:03] ✅ 셀록 searchAll 완료: usb램프 A0233
[2026-03-13 06:59:03] ℹ️ 후보 추출 완료 / rawCount=2 / smart=USB 램프 LED 조명 열쇠 고리 독서 조명 (A0233) / coupang=-
[2026-03-13 06:59:03] ⏸ 사용자 판정 대기중
[2026-03-13 06:59:10] ✅ 스마트스토어 확정: 123
[2026-03-13 06:59:10] - 원스톱(JSON) 조회: no=133 / 돌다리 hdmi 컨버터 A0354돌다리
[2026-03-13 06:59:10] - 셀록 검색: hdmi 컨버터 A0354
[2026-03-13 06:59:10] ℹ️ 셀록 searchAll 시작: hdmi 컨버터 A0354
[2026-03-13 06:59:10] ℹ️ 셀록 요청 시작: search(hdmi 컨버터 A0354)
[2026-03-13 06:59:10] ℹ️ 셀록 요청 시작: coupang(hdmi 컨버터 A0354)
[2026-03-13 06:59:10] ✅ 셀록 요청 성공: coupang(hdmi 컨버터 A0354)
[2026-03-13 06:59:11] ✅ 셀록 요청 성공: search(hdmi 컨버터 A0354)
[2026-03-13 06:59:11] ✅ 셀록 searchAll 완료: hdmi 컨버터 A0354
[2026-03-13 06:59:11] ℹ️ 후보 추출 완료 / rawCount=40 / smart=HDMI 각도 변환기 젠더 90도 270도 컨버터 (A0354) / coupang=HDMI 90도 270도 각도 변환기 커넥터 젠더 컨버터 어댑터 (A0354)
[2026-03-13 06:59:11] ⏸ 사용자 판정 대기중
[2026-03-13 06:59:17] ✅ 쿠팡 확정: 133
[2026-03-13 06:59:17] - 원스톱(JSON) 조회: no=71 / 브라운마켓 usb-C타입커넥터 A0199돌다리
[2026-03-13 06:59:17] - 셀록 검색: usb-C타입커넥터 A0199
[2026-03-13 06:59:17] ℹ️ 셀록 searchAll 시작: usb-C타입커넥터 A0199
[2026-03-13 06:59:17] ℹ️ 셀록 요청 시작: search(usb-C타입커넥터 A0199)
[2026-03-13 06:59:17] ℹ️ 셀록 요청 시작: coupang(usb-C타입커넥터 A0199)
[2026-03-13 06:59:17] ✅ 셀록 요청 성공: coupang(usb-C타입커넥터 A0199)
[2026-03-13 06:59:18] ✅ 셀록 요청 성공: search(usb-C타입커넥터 A0199)
[2026-03-13 06:59:18] ✅ 셀록 searchAll 완료: usb-C타입커넥터 A0199
[2026-03-13 06:59:18] ℹ️ 후보 추출 완료 / rawCount=40 / smart=USB C타입 to A 변환 어댑터 노트북 핸드폰 충전 데이터 젠더 케이블 (A0199) / coupang=-
[2026-03-13 06:59:18] ⏸ 사용자 판정 대기중
[2026-03-13 06:59:25] - 셀록 검색: usb-C타입커넥터
[2026-03-13 06:59:25] ℹ️ 셀록 searchAll 시작: usb-C타입커넥터
[2026-03-13 06:59:25] ℹ️ 셀록 요청 시작: search(usb-C타입커넥터)
[2026-03-13 06:59:25] ℹ️ 셀록 요청 시작: coupang(usb-C타입커넥터)
[2026-03-13 06:59:26] ✅ 셀록 요청 성공: coupang(usb-C타입커넥터)
[2026-03-13 06:59:27] ✅ 셀록 요청 성공: search(usb-C타입커넥터)
[2026-03-13 06:59:27] ✅ 셀록 searchAll 완료: usb-C타입커넥터
[2026-03-13 06:59:27] ℹ️ 후보 추출 완료 / rawCount=40 / smart=블레이즈 C타입 젠더 USB A TO C 10Gbps L1 / coupang=-
[2026-03-13 06:59:27] ⏸ 사용자 판정 대기중
[2026-03-13 07:01:01] ⏭ 패스: 71 / 다른 이미지가 나옴
[2026-03-13 07:01:01] - 원스톱(JSON) 조회: no=84 / 핸셀 인두거치대 A0200돌다리
[2026-03-13 07:01:01] - 셀록 검색: 인두거치대 A0200
[2026-03-13 07:01:01] ℹ️ 셀록 searchAll 시작: 인두거치대 A0200
[2026-03-13 07:01:01] ℹ️ 셀록 요청 시작: search(인두거치대 A0200)
[2026-03-13 07:01:01] ℹ️ 셀록 요청 시작: coupang(인두거치대 A0200)
[2026-03-13 07:01:02] ✅ 셀록 요청 성공: coupang(인두거치대 A0200)
[2026-03-13 07:01:03] ✅ 셀록 요청 성공: search(인두거치대 A0200)
[2026-03-13 07:01:03] ✅ 셀록 searchAll 완료: 인두거치대 A0200
[2026-03-13 07:01:03] ℹ️ 후보 추출 완료 / rawCount=40 / smart=인두기 거치대 납땜기 용접 스탠드 받침대 걸이대 홀더 (A0200) / coupang=인두기 거치대 납땜기 용접 스탠드 받침대 걸이대 홀더 (A0200) 1개
[2026-03-13 07:01:03] ⏸ 사용자 판정 대기중
